2021-11-13 17:56:50,581 [ERROR] from com.jpro.internal.server.ViewSerializerActor in JavaFX Application Thread - JavaFXStreamer - got Exception: 
java.lang.ClassNotFoundException: com.jpro.hellojpro.HelloJProFXML
	at java.base/jdk.internal.loader.BuiltinClassLoader.loadClass(BuiltinClassLoader.java:641)
	at java.base/jdk.internal.loader.ClassLoaders$AppClassLoader.loadClass(ClassLoaders.java:188)
	at java.base/java.lang.ClassLoader.loadClass(ClassLoader.java:520)
	at simplefx.util.ReflectionUtil.loadClass(ReflectionUtil.scala:38)
	at simplefx.util.ReflectionUtil.callNew(ReflectionUtil.scala:103)
	at com.jpro.internal.config.ApplicationStarter$.startApplication(ApplicationStarter.scala:108)
	at com.jpro.internal.config.ApplicationStarter$.requestApplication(ApplicationStarter.scala:94)
	at com.jpro.internal.config.ApplicationStarter$.getApplication(ApplicationStarter.scala:60)
	at com.jpro.internal.communicator.ViewImpl.<init>(ViewImpl.scala:30)
	at com.jpro.internal.server.ViewByActor.<init>(ViewSerializerActor.scala:114)
	at com.jpro.internal.server.ViewSerializerActor$$anonfun$receive$2$$anonfun$applyOrElse$1.$anonfun$applyOrElse$2(ViewSerializerActor.scala:69)
	at scala.runtime.java8.JFunction0$mcV$sp.apply(JFunction0$mcV$sp.java:23)
	at simplefx.util.Predef$.$anonfun$runInAndBlock$1(Predef.scala:183)
	at scala.runtime.java8.JFunction0$mcV$sp.apply(JFunction0$mcV$sp.java:23)
	at simplefx.cores.standard.parts.CoreTimeEvent.$anonfun$runAsAnimation$1(CoreTimeEvent.scala:64)
	at simplefx.cores.standard.parts.CoreTimeEvent$$anon$2.handle(CoreTimeEvent.scala:46)
	at javafx.animation.AnimationTimer$AnimationTimerReceiver.lambda$handle$0(AnimationTimer.java:58)
	at java.base/java.security.AccessController.doPrivileged(AccessController.java:399)
	at javafx.animation.AnimationTimer$AnimationTimerReceiver.handle(AnimationTimer.java:57)
	at com.sun.scenario.animation.AbstractPrimaryTimer.timePulseImpl(AbstractPrimaryTimer.java:356)
	at com.sun.scenario.animation.AbstractPrimaryTimer$MainLoop.run(AbstractPrimaryTimer.java:266)
	at com.sun.javafx.tk.quantum.QuantumToolkit.pulse(QuantumToolkit.java:581)
	at com.sun.javafx.tk.quantum.QuantumToolkit.pulse(QuantumToolkit.java:565)
	at com.sun.javafx.tk.quantum.QuantumToolkit.pulseFromQueue(QuantumToolkit.java:558)
	at com.sun.javafx.tk.quantum.QuantumToolkit.lambda$runToolkit$12(QuantumToolkit.java:359)
	at com.sun.glass.ui.monocle.RunnableProcessor.runLoop(RunnableProcessor.java:92)
	at com.sun.glass.ui.monocle.RunnableProcessor.run(RunnableProcessor.java:51)
	at java.base/java.lang.Thread.run(Thread.java:833)
2021-11-13 17:56:55,727 [ERROR] from com.jpro.internal.server.ViewSerializerActor in JavaFX Application Thread - JavaFXStreamer - got Exception: 
java.lang.ClassNotFoundException: com.jpro.hellojpro.HelloJProFXML
	at java.base/jdk.internal.loader.BuiltinClassLoader.loadClass(BuiltinClassLoader.java:641)
	at java.base/jdk.internal.loader.ClassLoaders$AppClassLoader.loadClass(ClassLoaders.java:188)
	at java.base/java.lang.ClassLoader.loadClass(ClassLoader.java:520)
	at simplefx.util.ReflectionUtil.loadClass(ReflectionUtil.scala:38)
	at simplefx.util.ReflectionUtil.callNew(ReflectionUtil.scala:103)
	at com.jpro.internal.config.ApplicationStarter$.startApplication(ApplicationStarter.scala:108)
	at com.jpro.internal.config.ApplicationStarter$.requestApplication(ApplicationStarter.scala:94)
	at com.jpro.internal.config.ApplicationStarter$.getApplication(ApplicationStarter.scala:60)
	at com.jpro.internal.communicator.ViewImpl.<init>(ViewImpl.scala:30)
	at com.jpro.internal.server.ViewByActor.<init>(ViewSerializerActor.scala:114)
	at com.jpro.internal.server.ViewSerializerActor$$anonfun$receive$2$$anonfun$applyOrElse$1.$anonfun$applyOrElse$2(ViewSerializerActor.scala:69)
	at scala.runtime.java8.JFunction0$mcV$sp.apply(JFunction0$mcV$sp.java:23)
	at simplefx.util.Predef$.$anonfun$runInAndBlock$1(Predef.scala:183)
	at scala.runtime.java8.JFunction0$mcV$sp.apply(JFunction0$mcV$sp.java:23)
	at simplefx.cores.standard.parts.CoreTimeEvent.$anonfun$runAsAnimation$1(CoreTimeEvent.scala:64)
	at simplefx.cores.standard.parts.CoreTimeEvent$$anon$2.handle(CoreTimeEvent.scala:46)
	at javafx.animation.AnimationTimer$AnimationTimerReceiver.lambda$handle$0(AnimationTimer.java:58)
	at java.base/java.security.AccessController.doPrivileged(AccessController.java:399)
	at javafx.animation.AnimationTimer$AnimationTimerReceiver.handle(AnimationTimer.java:57)
	at com.sun.scenario.animation.AbstractPrimaryTimer.timePulseImpl(AbstractPrimaryTimer.java:356)
	at com.sun.scenario.animation.AbstractPrimaryTimer$MainLoop.run(AbstractPrimaryTimer.java:266)
	at com.sun.javafx.tk.quantum.QuantumToolkit.pulse(QuantumToolkit.java:581)
	at com.sun.javafx.tk.quantum.QuantumToolkit.pulse(QuantumToolkit.java:565)
	at com.sun.javafx.tk.quantum.QuantumToolkit.pulseFromQueue(QuantumToolkit.java:558)
	at com.sun.javafx.tk.quantum.QuantumToolkit.lambda$runToolkit$12(QuantumToolkit.java:359)
	at com.sun.glass.ui.monocle.RunnableProcessor.runLoop(RunnableProcessor.java:92)
	at com.sun.glass.ui.monocle.RunnableProcessor.run(RunnableProcessor.java:51)
	at java.base/java.lang.Thread.run(Thread.java:833)
