2021-11-13 17:56:49,430 [INFO] in scala-execution-context-global-38 - [[37minfo[0m] c.j.i.s.Initializer$ - redirected OUT / ERR
2021-11-13 17:56:49,430 [INFO] in scala-execution-context-global-38 - [[37minfo[0m] c.j.i.s.Initializer$ - installed SLF4JBridge
2021-11-13 17:56:49,431 [INFO] in scala-execution-context-global-38 - [[33mwarn[0m] javafx - Unsupported JavaFX configuration: classes were loaded from 'unnamed module @5f223f81'
2021-11-13 17:56:49,431 [INFO] in scala-execution-context-global-38 - [[37minfo[0m] c.j.i.s.Initializer$ - finished init!
2021-11-13 17:56:49,431 [INFO] in scala-execution-context-global-52 - [[37minfo[0m] c.j.i.s.Initializer$ - JavaFX version: 17.0.0.1-jpro+0-2021-10-03-113133
2021-11-13 17:56:50,273 [INFO] in scala-execution-context-global-52 - [[37minfo[0m] c.jpro - application requested: 0!default
2021-11-13 17:56:50,284 [INFO] in scala-execution-context-global-52 - [[37minfo[0m] c.jpro - Creating Application: 0!default
2021-11-13 17:56:50,287 [INFO] in scala-execution-context-global-52 - [[37minfo[0m] c.jpro - remoteAddress 127.0.0.1
2021-11-13 17:56:50,287 [INFO] in scala-execution-context-global-52 - [[37minfo[0m] c.jpro - host          localhost:8080
2021-11-13 17:56:50,287 [INFO] in scala-execution-context-global-52 - [[37minfo[0m] c.jpro - uri           /app/0!default
2021-11-13 17:56:50,582 [INFO] in scala-execution-context-global-52 - [[31merror[0m] c.j.i.s.ViewSerializerActor - JavaFXStreamer - got Exception: 
2021-11-13 17:56:50,582 [INFO] in scala-execution-context-global-52 - java.lang.ClassNotFoundException: com.jpro.hellojpro.HelloJProFXML
2021-11-13 17:56:50,583 [INFO] in scala-execution-context-global-52 - 	at java.base/jdk.internal.loader.BuiltinClassLoader.loadClass(BuiltinClassLoader.java:641)
2021-11-13 17:56:50,583 [INFO] in scala-execution-context-global-38 - 	at java.base/jdk.internal.loader.ClassLoaders$AppClassLoader.loadClass(ClassLoaders.java:188)
2021-11-13 17:56:50,583 [INFO] in scala-execution-context-global-52 - 	at java.base/java.lang.ClassLoader.loadClass(ClassLoader.java:520)
2021-11-13 17:56:50,583 [INFO] in scala-execution-context-global-52 - 	at simplefx.util.ReflectionUtil.loadClass(ReflectionUtil.scala:38)
2021-11-13 17:56:50,584 [INFO] in scala-execution-context-global-52 - 	at simplefx.util.ReflectionUtil.callNew(ReflectionUtil.scala:103)
2021-11-13 17:56:50,584 [INFO] in scala-execution-context-global-52 - 	at com.jpro.internal.config.ApplicationStarter$.startApplication(ApplicationStarter.scala:108)
2021-11-13 17:56:50,584 [INFO] in scala-execution-context-global-52 - 	at com.jpro.internal.config.ApplicationStarter$.requestApplication(ApplicationStarter.scala:94)
2021-11-13 17:56:50,585 [INFO] in scala-execution-context-global-53 - 	at com.jpro.internal.config.ApplicationStarter$.getApplication(ApplicationStarter.scala:60)
2021-11-13 17:56:50,585 [INFO] in scala-execution-context-global-52 - 	at com.jpro.internal.communicator.ViewImpl.<init>(ViewImpl.scala:30)
2021-11-13 17:56:50,585 [INFO] in scala-execution-context-global-52 - 	at com.jpro.internal.server.ViewByActor.<init>(ViewSerializerActor.scala:114)
2021-11-13 17:56:50,585 [ERROR] in scala-execution-context-global-52 - java.lang.NullPointerException: Cannot invoke "com.jpro.internal.communicator.ViewImpl.explicitlyClose()" because the return value of "com.jpro.internal.server.ViewSerializerActor.communicator()" is null
2021-11-13 17:56:50,585 [ERROR] in scala-execution-context-global-52 - 	at com.jpro.internal.server.ViewSerializerActor$$anonfun$receive$2$$anonfun$applyOrElse$1.$anonfun$applyOrElse$5(ViewSerializerActor.scala:83)
2021-11-13 17:56:50,585 [ERROR] in scala-execution-context-global-52 - 	at scala.runtime.java8.JFunction0$mcV$sp.apply(JFunction0$mcV$sp.java:23)
2021-11-13 17:56:50,586 [ERROR] in scala-execution-context-global-52 - 	at simplefx.cores.standard.parts.CoreTimeEvent.$anonfun$runAsAnimation$1(CoreTimeEvent.scala:64)
2021-11-13 17:56:50,586 [ERROR] in scala-execution-context-global-53 - 	at simplefx.cores.standard.parts.CoreTimeEvent$$anon$2.handle(CoreTimeEvent.scala:46)
2021-11-13 17:56:50,586 [ERROR] in scala-execution-context-global-53 - 	at javafx.animation.AnimationTimer$AnimationTimerReceiver.lambda$handle$0(AnimationTimer.java:58)
2021-11-13 17:56:50,586 [ERROR] in scala-execution-context-global-53 - 	at java.base/java.security.AccessController.doPrivileged(AccessController.java:399)
2021-11-13 17:56:50,586 [ERROR] in scala-execution-context-global-53 - 	at javafx.animation.AnimationTimer$AnimationTimerReceiver.handle(AnimationTimer.java:57)
2021-11-13 17:56:50,586 [ERROR] in scala-execution-context-global-53 - 	at com.sun.scenario.animation.AbstractPrimaryTimer.timePulseImpl(AbstractPrimaryTimer.java:356)
2021-11-13 17:56:50,586 [ERROR] in scala-execution-context-global-53 - 	at com.sun.scenario.animation.AbstractPrimaryTimer$MainLoop.run(AbstractPrimaryTimer.java:266)
2021-11-13 17:56:50,586 [ERROR] in scala-execution-context-global-53 - 	at com.sun.javafx.tk.quantum.QuantumToolkit.pulse(QuantumToolkit.java:581)
2021-11-13 17:56:50,586 [ERROR] in scala-execution-context-global-53 - 	at com.sun.javafx.tk.quantum.QuantumToolkit.pulse(QuantumToolkit.java:565)
2021-11-13 17:56:50,586 [ERROR] in scala-execution-context-global-38 - 	at com.sun.javafx.tk.quantum.QuantumToolkit.pulseFromQueue(QuantumToolkit.java:558)
2021-11-13 17:56:50,587 [ERROR] in scala-execution-context-global-53 - 	at com.sun.javafx.tk.quantum.QuantumToolkit.lambda$runToolkit$12(QuantumToolkit.java:359)
2021-11-13 17:56:50,587 [ERROR] in scala-execution-context-global-65 - 	at com.sun.glass.ui.monocle.RunnableProcessor.runLoop(RunnableProcessor.java:92)
2021-11-13 17:56:50,587 [ERROR] in scala-execution-context-global-53 - 	at com.sun.glass.ui.monocle.RunnableProcessor.run(RunnableProcessor.java:51)
2021-11-13 17:56:50,587 [ERROR] in scala-execution-context-global-53 - 	at java.base/java.lang.Thread.run(Thread.java:833)
2021-11-13 17:56:55,709 [INFO] in scala-execution-context-global-65 - [[37minfo[0m] c.jpro - application requested: 0!default
2021-11-13 17:56:55,709 [INFO] in scala-execution-context-global-65 - [[37minfo[0m] c.jpro - Creating Application: 0!default
2021-11-13 17:56:55,709 [INFO] in scala-execution-context-global-65 - [[37minfo[0m] c.jpro - remoteAddress 127.0.0.1
2021-11-13 17:56:55,710 [INFO] in scala-execution-context-global-65 - [[37minfo[0m] c.jpro - host          localhost:8080
2021-11-13 17:56:55,710 [INFO] in scala-execution-context-global-65 - [[37minfo[0m] c.jpro - uri           /app/0!default
2021-11-13 17:56:55,727 [INFO] in scala-execution-context-global-65 - [[31merror[0m] c.j.i.s.ViewSerializerActor - JavaFXStreamer - got Exception: 
2021-11-13 17:56:55,727 [INFO] in scala-execution-context-global-65 - java.lang.ClassNotFoundException: com.jpro.hellojpro.HelloJProFXML
2021-11-13 17:56:55,727 [INFO] in scala-execution-context-global-65 - 	at java.base/jdk.internal.loader.BuiltinClassLoader.loadClass(BuiltinClassLoader.java:641)
2021-11-13 17:56:55,727 [ERROR] in scala-execution-context-global-53 - java.lang.NullPointerException: Cannot invoke "com.jpro.internal.communicator.ViewImpl.explicitlyClose()" because the return value of "com.jpro.internal.server.ViewSerializerActor.communicator()" is null
2021-11-13 17:56:55,728 [INFO] in scala-execution-context-global-65 - 	at java.base/jdk.internal.loader.ClassLoaders$AppClassLoader.loadClass(ClassLoaders.java:188)
2021-11-13 17:56:55,728 [INFO] in scala-execution-context-global-38 - 	at java.base/java.lang.ClassLoader.loadClass(ClassLoader.java:520)
2021-11-13 17:56:55,728 [INFO] in scala-execution-context-global-65 - 	at simplefx.util.ReflectionUtil.loadClass(ReflectionUtil.scala:38)
2021-11-13 17:56:55,728 [INFO] in scala-execution-context-global-65 - 	at simplefx.util.ReflectionUtil.callNew(ReflectionUtil.scala:103)
2021-11-13 17:56:55,728 [INFO] in scala-execution-context-global-65 - 	at com.jpro.internal.config.ApplicationStarter$.startApplication(ApplicationStarter.scala:108)
2021-11-13 17:56:55,728 [INFO] in scala-execution-context-global-65 - 	at com.jpro.internal.config.ApplicationStarter$.requestApplication(ApplicationStarter.scala:94)
2021-11-13 17:56:55,728 [INFO] in scala-execution-context-global-65 - 	at com.jpro.internal.config.ApplicationStarter$.getApplication(ApplicationStarter.scala:60)
2021-11-13 17:56:55,728 [INFO] in scala-execution-context-global-38 - 	at com.jpro.internal.communicator.ViewImpl.<init>(ViewImpl.scala:30)
2021-11-13 17:56:55,728 [ERROR] in scala-execution-context-global-38 - 	at com.jpro.internal.server.ViewSerializerActor$$anonfun$receive$2$$anonfun$applyOrElse$1.$anonfun$applyOrElse$5(ViewSerializerActor.scala:83)
2021-11-13 17:56:55,728 [INFO] in scala-execution-context-global-38 - 	at com.jpro.internal.server.ViewByActor.<init>(ViewSerializerActor.scala:114)
2021-11-13 17:56:55,728 [ERROR] in scala-execution-context-global-38 - 	at scala.runtime.java8.JFunction0$mcV$sp.apply(JFunction0$mcV$sp.java:23)
2021-11-13 17:56:55,728 [ERROR] in scala-execution-context-global-38 - 	at simplefx.cores.standard.parts.CoreTimeEvent.$anonfun$runAsAnimation$1(CoreTimeEvent.scala:64)
2021-11-13 17:56:55,728 [ERROR] in scala-execution-context-global-38 - 	at simplefx.cores.standard.parts.CoreTimeEvent$$anon$2.handle(CoreTimeEvent.scala:46)
2021-11-13 17:56:55,728 [ERROR] in scala-execution-context-global-38 - 	at javafx.animation.AnimationTimer$AnimationTimerReceiver.lambda$handle$0(AnimationTimer.java:58)
2021-11-13 17:56:55,728 [ERROR] in scala-execution-context-global-53 - 	at java.base/java.security.AccessController.doPrivileged(AccessController.java:399)
2021-11-13 17:56:55,728 [ERROR] in scala-execution-context-global-53 - 	at javafx.animation.AnimationTimer$AnimationTimerReceiver.handle(AnimationTimer.java:57)
2021-11-13 17:56:55,728 [ERROR] in scala-execution-context-global-53 - 	at com.sun.scenario.animation.AbstractPrimaryTimer.timePulseImpl(AbstractPrimaryTimer.java:356)
2021-11-13 17:56:55,729 [ERROR] in scala-execution-context-global-53 - 	at com.sun.scenario.animation.AbstractPrimaryTimer$MainLoop.run(AbstractPrimaryTimer.java:266)
2021-11-13 17:56:55,729 [ERROR] in scala-execution-context-global-53 - 	at com.sun.javafx.tk.quantum.QuantumToolkit.pulse(QuantumToolkit.java:581)
2021-11-13 17:56:55,729 [ERROR] in scala-execution-context-global-53 - 	at com.sun.javafx.tk.quantum.QuantumToolkit.pulse(QuantumToolkit.java:565)
2021-11-13 17:56:55,729 [ERROR] in scala-execution-context-global-53 - 	at com.sun.javafx.tk.quantum.QuantumToolkit.pulseFromQueue(QuantumToolkit.java:558)
2021-11-13 17:56:55,729 [ERROR] in scala-execution-context-global-53 - 	at com.sun.javafx.tk.quantum.QuantumToolkit.lambda$runToolkit$12(QuantumToolkit.java:359)
2021-11-13 17:56:55,729 [ERROR] in scala-execution-context-global-53 - 	at com.sun.glass.ui.monocle.RunnableProcessor.runLoop(RunnableProcessor.java:92)
2021-11-13 17:56:55,729 [ERROR] in scala-execution-context-global-53 - 	at com.sun.glass.ui.monocle.RunnableProcessor.run(RunnableProcessor.java:51)
2021-11-13 17:56:55,729 [ERROR] in scala-execution-context-global-53 - 	at java.base/java.lang.Thread.run(Thread.java:833)
2021-11-13 18:04:05,577 [INFO] in scala-execution-context-global-38 - [[37minfo[0m] c.j.i.s.Initializer$ - redirected OUT / ERR
2021-11-13 18:04:05,577 [INFO] in scala-execution-context-global-52 - [[37minfo[0m] c.j.i.s.Initializer$ - installed SLF4JBridge
2021-11-13 18:04:05,578 [INFO] in scala-execution-context-global-38 - [[33mwarn[0m] javafx - Unsupported JavaFX configuration: classes were loaded from 'unnamed module @29502531'
2021-11-13 18:04:05,578 [INFO] in scala-execution-context-global-38 - [[37minfo[0m] c.j.i.s.Initializer$ - finished init!
2021-11-13 18:04:05,578 [INFO] in scala-execution-context-global-38 - [[37minfo[0m] c.j.i.s.Initializer$ - JavaFX version: 17.0.0.1-jpro+0-2021-10-03-113133
2021-11-13 18:04:06,308 [INFO] in scala-execution-context-global-56 - [[37minfo[0m] c.jpro - application requested: 0!default
2021-11-13 18:04:06,321 [INFO] in scala-execution-context-global-56 - [[37minfo[0m] c.jpro - Creating Application: 0!default
2021-11-13 18:04:06,324 [INFO] in scala-execution-context-global-56 - [[37minfo[0m] c.jpro - remoteAddress 127.0.0.1
2021-11-13 18:04:06,324 [INFO] in scala-execution-context-global-56 - [[37minfo[0m] c.jpro - host          localhost:8080
2021-11-13 18:04:06,324 [INFO] in scala-execution-context-global-56 - [[37minfo[0m] c.jpro - uri           /app/0!default
2021-11-13 18:04:06,660 [INFO] in scala-execution-context-global-56 - [[37minfo[0m] c.j.i.s.ViewSerializerActor - appdef: AppByMain(default,org.example.App,None,NamedClassLoader(system),false) clientinfo: ClientInfo(http://localhost:8080/,http://localhost:8080/app/default,1920.0,971.0,1.0,false,en-US,List(en-US, en),_xsrf=2|f5272e81|d3fb1c01719e044493f1f83ae2203e64|1636449686,Map(_xsrf -> 2|f5272e81|d3fb1c01719e044493f1f83ae2203e64|1636449686, username-localhost-8888 -> 2|1:0|10:1636449686|23:username-localhost-8888|44:OWE3NTIyNmUzMmZiNDIyNDg3OTU4MGIzYTJmODM4YmE=|6527260601508b3255b0b3e331723e6c82a5ebd1ab9d538358a1a0ecb0c8ebb2),Map(Host -> List(localhost:8080), Accept -> List(*/*), Cookie -> List(username-localhost-8888="2|1:0|10:1636449686|23:username-localhost-8888|44:OWE3NTIyNmUzMmZiNDIyNDg3OTU4MGIzYTJmODM4YmE=|6527260601508b3255b0b3e331723e6c82a5ebd1ab9d538358a1a0ecb0c8ebb2"; _xsrf=2|f5272e81|d3fb1c01719e044493f1f83ae2203e64|1636449686), Origin -> List(http://localhost:8080), Pragma -> List(no-cache), Upgrade -> List(websocket), Connection -> List(keep-alive, Upgrade), User-Agent -> List(Mozilla/5.0 (X11; Linux x86_64; rv:94.0) Gecko/20100101 Firefox/94.0), Cache-Control -> List(no-cache), Remote-Address -> List(127.0.0.1:54550), Sec-Fetch-Dest -> List(websocket), Sec-Fetch-Mode -> List(websocket), Sec-Fetch-Site -> List(same-origin), Timeout-Access -> List(<function1>), Accept-Encoding -> List(gzip, deflate), Accept-Language -> List(en-US,en;q=0.5), Raw-Request-URI -> List(/app/0!default), Tls-Session-Info -> List(Session(1636826644960|SSL_NULL_WITH_NULL_NULL)), Sec-WebSocket-Key -> List(JxIa8SGNe+ZRdrqMuapZjQ==), UpgradeToWebSocket -> List(), Sec-WebSocket-Version -> List(13), Sec-WebSocket-Extensions -> List(permessage-deflate)))out: Actor[akka://application/system/Materializers/StreamSupervisor-0/$$e-actorRefSource#2130725334]
2021-11-13 18:04:07,301 [INFO] in scala-execution-context-global-56 - [[37minfo[0m] com.jpro.JS - received msg: new MainID: 457 userid: 1323156281
2021-11-13 18:04:23,870 [INFO] in scala-execution-context-global-56 - [[37minfo[0m] c.j.i.s.ViewInfo$ - 
2021-11-13 18:04:23,870 [INFO] in scala-execution-context-global-56 - [[37minfo[0m] c.j.i.s.ViewInfo$ - Application closed:
2021-11-13 18:04:23,882 [INFO] in scala-execution-context-global-56 - [[37minfo[0m] c.j.i.s.ViewInfo$ - startTime      : Sat Nov 13 18:04:23 WET 2021      
2021-11-13 18:04:23,883 [INFO] in scala-execution-context-global-56 - [[37minfo[0m] c.j.i.s.ViewInfo$ - averageLatency : 00:00:00.005 
2021-11-13 18:04:23,883 [INFO] in scala-execution-context-global-56 - [[37minfo[0m] c.j.i.s.ViewInfo$ - averageJitter  : 00:00:00.004  
2021-11-13 18:04:23,883 [INFO] in scala-execution-context-global-56 - [[37minfo[0m] c.j.i.s.ViewInfo$ - framerateServer: 00:00:00.000
2021-11-13 18:04:23,883 [INFO] in scala-execution-context-global-56 - [[37minfo[0m] c.j.i.s.ViewInfo$ - framerateClient: 00:00:00.000
2021-11-13 18:04:23,884 [INFO] in scala-execution-context-global-56 - [[37minfo[0m] c.j.i.s.ViewInfo$ - raw            : 150709
2021-11-13 18:04:23,884 [INFO] in scala-execution-context-global-56 - [[37minfo[0m] c.j.i.s.ViewInfo$ - zipped         : 31163
2021-11-13 18:04:23,884 [INFO] in scala-execution-context-global-56 - [[37minfo[0m] c.j.i.s.ViewInfo$ - 
2021-11-13 18:04:23,885 [INFO] in scala-execution-context-global-56 - [[37minfo[0m] c.j.i.c.InstanceImpl - closing window!
2021-11-13 18:19:06,556 [INFO] in scala-execution-context-global-38 - [[37minfo[0m] c.j.i.s.Initializer$ - redirected OUT / ERR
2021-11-13 18:19:06,556 [INFO] in scala-execution-context-global-38 - [[37minfo[0m] c.j.i.s.Initializer$ - installed SLF4JBridge
2021-11-13 18:19:06,556 [INFO] in scala-execution-context-global-38 - [[33mwarn[0m] javafx - Unsupported JavaFX configuration: classes were loaded from 'unnamed module @516c0910'
2021-11-13 18:19:06,556 [INFO] in scala-execution-context-global-52 - [[37minfo[0m] c.j.i.s.Initializer$ - finished init!
2021-11-13 18:19:06,556 [INFO] in scala-execution-context-global-52 - [[37minfo[0m] c.j.i.s.Initializer$ - JavaFX version: 17.0.0.1-jpro+0-2021-10-03-113133
2021-11-13 18:20:40,220 [INFO] in scala-execution-context-global-54 - [[33mwarn[0m] a.a.ActorSystemImpl - Illegal request, responding with status '400 Bad Request': Unsupported HTTP method: The HTTP method started with 0x16 rather than any known HTTP method from 127.0.0.1:54618. Perhaps this was an HTTPS request sent to an HTTP endpoint?
2021-11-13 18:26:19,998 [INFO] in scala-execution-context-global-38 - [[37minfo[0m] c.j.i.s.Initializer$ - redirected OUT / ERR
2021-11-13 18:26:19,998 [INFO] in scala-execution-context-global-38 - [[37minfo[0m] c.j.i.s.Initializer$ - installed SLF4JBridge
2021-11-13 18:26:19,998 [INFO] in scala-execution-context-global-52 - [[33mwarn[0m] javafx - Unsupported JavaFX configuration: classes were loaded from 'unnamed module @56fd9d3c'
2021-11-13 18:26:19,998 [INFO] in scala-execution-context-global-38 - [[37minfo[0m] c.j.i.s.Initializer$ - finished init!
2021-11-13 18:26:19,999 [INFO] in scala-execution-context-global-54 - [[37minfo[0m] c.j.i.s.Initializer$ - JavaFX version: 17.0.0.1-jpro+0-2021-10-03-113133
2021-11-13 18:26:35,840 [INFO] in scala-execution-context-global-54 - [[37minfo[0m] c.jpro - application requested: 0!default
2021-11-13 18:26:35,850 [INFO] in scala-execution-context-global-54 - [[37minfo[0m] c.jpro - Creating Application: 0!default
2021-11-13 18:26:35,853 [INFO] in scala-execution-context-global-54 - [[37minfo[0m] c.jpro - remoteAddress 127.0.0.1
2021-11-13 18:26:35,853 [INFO] in scala-execution-context-global-54 - [[37minfo[0m] c.jpro - host          localhost:8080
2021-11-13 18:26:35,853 [INFO] in scala-execution-context-global-54 - [[37minfo[0m] c.jpro - uri           /app/0!default
2021-11-13 18:26:36,192 [INFO] in scala-execution-context-global-38 - [[37minfo[0m] c.j.i.s.ViewSerializerActor - appdef: AppByMain(default,org.example.App,None,NamedClassLoader(system),false) clientinfo: ClientInfo(http://localhost:8080/,http://localhost:8080/app/default,1920.0,971.0,1.0,false,en-US,List(en-US, en),_xsrf=2|f5272e81|d3fb1c01719e044493f1f83ae2203e64|1636449686,Map(_xsrf -> 2|f5272e81|d3fb1c01719e044493f1f83ae2203e64|1636449686, username-localhost-8888 -> 2|1:0|10:1636449686|23:username-localhost-8888|44:OWE3NTIyNmUzMmZiNDIyNDg3OTU4MGIzYTJmODM4YmE=|6527260601508b3255b0b3e331723e6c82a5ebd1ab9d538358a1a0ecb0c8ebb2),Map(Host -> List(localhost:8080), Accept -> List(*/*), Cookie -> List(username-localhost-8888="2|1:0|10:1636449686|23:username-localhost-8888|44:OWE3NTIyNmUzMmZiNDIyNDg3OTU4MGIzYTJmODM4YmE=|6527260601508b3255b0b3e331723e6c82a5ebd1ab9d538358a1a0ecb0c8ebb2"; _xsrf=2|f5272e81|d3fb1c01719e044493f1f83ae2203e64|1636449686), Origin -> List(http://localhost:8080), Pragma -> List(no-cache), Upgrade -> List(websocket), Connection -> List(keep-alive, Upgrade), User-Agent -> List(Mozilla/5.0 (X11; Linux x86_64; rv:94.0) Gecko/20100101 Firefox/94.0), Cache-Control -> List(no-cache), Remote-Address -> List(127.0.0.1:54686), Sec-Fetch-Dest -> List(websocket), Sec-Fetch-Mode -> List(websocket), Sec-Fetch-Site -> List(same-origin), Timeout-Access -> List(<function1>), Accept-Encoding -> List(gzip, deflate), Accept-Language -> List(en-US,en;q=0.5), Raw-Request-URI -> List(/app/0!default), Tls-Session-Info -> List(Session(1636827979324|SSL_NULL_WITH_NULL_NULL)), Sec-WebSocket-Key -> List(A2LlQmYLx0ZEkyiq8QEFMw==), UpgradeToWebSocket -> List(), Sec-WebSocket-Version -> List(13), Sec-WebSocket-Extensions -> List(permessage-deflate)))out: Actor[akka://application/system/Materializers/StreamSupervisor-0/$$f-actorRefSource#-805224925]
2021-11-13 18:26:36,975 [INFO] in scala-execution-context-global-38 - [[37minfo[0m] com.jpro.JS - received msg: new MainID: 457 userid: 1893896663
2021-11-13 18:26:46,936 [INFO] in scala-execution-context-global-38 - [[37minfo[0m] c.j.i.s.ViewInfo$ - 
2021-11-13 18:26:46,936 [INFO] in scala-execution-context-global-38 - [[37minfo[0m] c.j.i.s.ViewInfo$ - Application closed:
2021-11-13 18:26:46,950 [INFO] in scala-execution-context-global-38 - [[37minfo[0m] c.j.i.s.ViewInfo$ - startTime      : Sat Nov 13 18:26:46 WET 2021      
2021-11-13 18:26:46,950 [INFO] in scala-execution-context-global-38 - [[37minfo[0m] c.j.i.s.ViewInfo$ - averageLatency : 00:00:00.003 
2021-11-13 18:26:46,950 [INFO] in scala-execution-context-global-38 - [[37minfo[0m] c.j.i.s.ViewInfo$ - averageJitter  : 00:00:00.004  
2021-11-13 18:26:46,952 [INFO] in scala-execution-context-global-38 - [[37minfo[0m] c.j.i.s.ViewInfo$ - framerateServer: 00:00:00.000
2021-11-13 18:26:46,952 [INFO] in scala-execution-context-global-54 - [[37minfo[0m] c.j.i.s.ViewInfo$ - framerateClient: 00:00:00.000
2021-11-13 18:26:46,952 [INFO] in scala-execution-context-global-54 - [[37minfo[0m] c.j.i.s.ViewInfo$ - raw            : 20246
2021-11-13 18:26:46,952 [INFO] in scala-execution-context-global-54 - [[37minfo[0m] c.j.i.s.ViewInfo$ - zipped         : 4013
2021-11-13 18:26:46,952 [INFO] in scala-execution-context-global-54 - [[37minfo[0m] c.j.i.s.ViewInfo$ - 
2021-11-13 18:26:46,954 [INFO] in scala-execution-context-global-54 - [[37minfo[0m] c.j.i.c.InstanceImpl - closing window!
2021-11-13 18:26:47,107 [INFO] in scala-execution-context-global-54 - [[37minfo[0m] c.jpro - application requested: 0!default
2021-11-13 18:26:47,107 [INFO] in scala-execution-context-global-54 - [[37minfo[0m] c.jpro - Creating Application: 0!default
2021-11-13 18:26:47,109 [INFO] in scala-execution-context-global-54 - [[37minfo[0m] c.jpro - remoteAddress 127.0.0.1
2021-11-13 18:26:47,109 [INFO] in scala-execution-context-global-54 - [[37minfo[0m] c.jpro - host          localhost:8080
2021-11-13 18:26:47,109 [INFO] in scala-execution-context-global-38 - [[37minfo[0m] c.jpro - uri           /app/0!default
2021-11-13 18:26:47,154 [INFO] in scala-execution-context-global-38 - [[37minfo[0m] c.j.i.s.ViewSerializerActor - appdef: AppByMain(default,org.example.App,None,NamedClassLoader(system),false) clientinfo: ClientInfo(http://localhost:8080/,http://localhost:8080/app/default,1920.0,971.0,1.0,false,en-US,List(en-US, en),_xsrf=2|f5272e81|d3fb1c01719e044493f1f83ae2203e64|1636449686,Map(_xsrf -> 2|f5272e81|d3fb1c01719e044493f1f83ae2203e64|1636449686, username-localhost-8888 -> 2|1:0|10:1636449686|23:username-localhost-8888|44:OWE3NTIyNmUzMmZiNDIyNDg3OTU4MGIzYTJmODM4YmE=|6527260601508b3255b0b3e331723e6c82a5ebd1ab9d538358a1a0ecb0c8ebb2),Map(Host -> List(localhost:8080), Accept -> List(*/*), Cookie -> List(username-localhost-8888="2|1:0|10:1636449686|23:username-localhost-8888|44:OWE3NTIyNmUzMmZiNDIyNDg3OTU4MGIzYTJmODM4YmE=|6527260601508b3255b0b3e331723e6c82a5ebd1ab9d538358a1a0ecb0c8ebb2"; _xsrf=2|f5272e81|d3fb1c01719e044493f1f83ae2203e64|1636449686), Origin -> List(http://localhost:8080), Pragma -> List(no-cache), Upgrade -> List(websocket), Connection -> List(keep-alive, Upgrade), User-Agent -> List(Mozilla/5.0 (X11; Linux x86_64; rv:94.0) Gecko/20100101 Firefox/94.0), Cache-Control -> List(no-cache), Remote-Address -> List(127.0.0.1:54692), Sec-Fetch-Dest -> List(websocket), Sec-Fetch-Mode -> List(websocket), Sec-Fetch-Site -> List(same-origin), Timeout-Access -> List(<function1>), Accept-Encoding -> List(gzip, deflate), Accept-Language -> List(en-US,en;q=0.5), Raw-Request-URI -> List(/app/0!default), Tls-Session-Info -> List(Session(1636827979324|SSL_NULL_WITH_NULL_NULL)), Sec-WebSocket-Key -> List(lzucO9YQnlXQFU+pyBCamg==), UpgradeToWebSocket -> List(), Sec-WebSocket-Version -> List(13), Sec-WebSocket-Extensions -> List(permessage-deflate)))out: Actor[akka://application/system/Materializers/StreamSupervisor-0/$$k-actorRefSource#-167703756]
2021-11-13 18:26:47,247 [INFO] in scala-execution-context-global-38 - [[37minfo[0m] com.jpro.JS - received msg: new MainID: 457 userid: 1147422417
2021-11-13 18:26:50,740 [INFO] in scala-execution-context-global-38 - [[37minfo[0m] c.j.i.s.ViewInfo$ - 
2021-11-13 18:26:50,740 [INFO] in scala-execution-context-global-38 - [[37minfo[0m] c.j.i.s.ViewInfo$ - Application closed:
2021-11-13 18:26:50,741 [INFO] in scala-execution-context-global-38 - [[37minfo[0m] c.j.i.s.ViewInfo$ - startTime      : Sat Nov 13 18:26:50 WET 2021      
2021-11-13 18:26:50,742 [INFO] in scala-execution-context-global-38 - [[37minfo[0m] c.j.i.s.ViewInfo$ - averageLatency : 00:00:00.003 
2021-11-13 18:26:50,742 [INFO] in scala-execution-context-global-38 - [[37minfo[0m] c.j.i.s.ViewInfo$ - averageJitter  : 00:00:00.001  
2021-11-13 18:26:50,743 [INFO] in scala-execution-context-global-38 - [[37minfo[0m] c.j.i.s.ViewInfo$ - framerateServer: 00:00:00.000
2021-11-13 18:26:50,743 [INFO] in scala-execution-context-global-38 - [[37minfo[0m] c.j.i.s.ViewInfo$ - framerateClient: 00:00:00.000
2021-11-13 18:26:50,743 [INFO] in scala-execution-context-global-38 - [[37minfo[0m] c.j.i.s.ViewInfo$ - raw            : 45087
2021-11-13 18:26:50,744 [INFO] in scala-execution-context-global-38 - [[37minfo[0m] c.j.i.s.ViewInfo$ - zipped         : 10117
2021-11-13 18:26:50,744 [INFO] in scala-execution-context-global-38 - [[37minfo[0m] c.j.i.s.ViewInfo$ - 
2021-11-13 18:26:50,747 [INFO] in scala-execution-context-global-38 - [[37minfo[0m] c.j.i.c.InstanceImpl - closing window!
2021-11-13 18:26:50,887 [INFO] in scala-execution-context-global-38 - [[37minfo[0m] c.jpro - application requested: 0!default
2021-11-13 18:26:50,887 [INFO] in scala-execution-context-global-38 - [[37minfo[0m] c.jpro - Creating Application: 0!default
2021-11-13 18:26:50,887 [INFO] in scala-execution-context-global-38 - [[37minfo[0m] c.jpro - remoteAddress 127.0.0.1
2021-11-13 18:26:50,887 [INFO] in scala-execution-context-global-38 - [[37minfo[0m] c.jpro - host          localhost:8080
2021-11-13 18:26:50,887 [INFO] in scala-execution-context-global-38 - [[37minfo[0m] c.jpro - uri           /app/0!default
2021-11-13 18:26:50,930 [INFO] in scala-execution-context-global-38 - [[37minfo[0m] c.j.i.s.ViewSerializerActor - appdef: AppByMain(default,org.example.App,None,NamedClassLoader(system),false) clientinfo: ClientInfo(http://localhost:8080/,http://localhost:8080/app/default,1920.0,971.0,1.0,false,en-US,List(en-US, en),_xsrf=2|f5272e81|d3fb1c01719e044493f1f83ae2203e64|1636449686,Map(_xsrf -> 2|f5272e81|d3fb1c01719e044493f1f83ae2203e64|1636449686, username-localhost-8888 -> 2|1:0|10:1636449686|23:username-localhost-8888|44:OWE3NTIyNmUzMmZiNDIyNDg3OTU4MGIzYTJmODM4YmE=|6527260601508b3255b0b3e331723e6c82a5ebd1ab9d538358a1a0ecb0c8ebb2),Map(Host -> List(localhost:8080), Accept -> List(*/*), Cookie -> List(username-localhost-8888="2|1:0|10:1636449686|23:username-localhost-8888|44:OWE3NTIyNmUzMmZiNDIyNDg3OTU4MGIzYTJmODM4YmE=|6527260601508b3255b0b3e331723e6c82a5ebd1ab9d538358a1a0ecb0c8ebb2"; _xsrf=2|f5272e81|d3fb1c01719e044493f1f83ae2203e64|1636449686), Origin -> List(http://localhost:8080), Pragma -> List(no-cache), Upgrade -> List(websocket), Connection -> List(keep-alive, Upgrade), User-Agent -> List(Mozilla/5.0 (X11; Linux x86_64; rv:94.0) Gecko/20100101 Firefox/94.0), Cache-Control -> List(no-cache), Remote-Address -> List(127.0.0.1:54694), Sec-Fetch-Dest -> List(websocket), Sec-Fetch-Mode -> List(websocket), Sec-Fetch-Site -> List(same-origin), Timeout-Access -> List(<function1>), Accept-Encoding -> List(gzip, deflate), Accept-Language -> List(en-US,en;q=0.5), Raw-Request-URI -> List(/app/0!default), Tls-Session-Info -> List(Session(1636827979324|SSL_NULL_WITH_NULL_NULL)), Sec-WebSocket-Key -> List(tcgBG7d637gqOP+6JJawCw==), UpgradeToWebSocket -> List(), Sec-WebSocket-Version -> List(13), Sec-WebSocket-Extensions -> List(permessage-deflate)))out: Actor[akka://application/system/Materializers/StreamSupervisor-0/$$n-actorRefSource#1389805280]
2021-11-13 18:26:51,007 [INFO] in scala-execution-context-global-38 - [[37minfo[0m] com.jpro.JS - received msg: new MainID: 457 userid: 2071511605
2021-11-13 18:26:51,921 [INFO] in scala-execution-context-global-38 - [[37minfo[0m] c.j.i.s.ViewInfo$ - 
2021-11-13 18:26:51,922 [INFO] in scala-execution-context-global-38 - [[37minfo[0m] c.j.i.s.ViewInfo$ - Application closed:
2021-11-13 18:26:51,922 [INFO] in scala-execution-context-global-38 - [[37minfo[0m] c.j.i.s.ViewInfo$ - startTime      : Sat Nov 13 18:26:51 WET 2021      
2021-11-13 18:26:51,922 [INFO] in scala-execution-context-global-38 - [[37minfo[0m] c.j.i.s.ViewInfo$ - averageLatency : 00:00:00.001 
2021-11-13 18:26:51,922 [INFO] in scala-execution-context-global-38 - [[37minfo[0m] c.j.i.s.ViewInfo$ - averageJitter  : 00:00:00.002  
2021-11-13 18:26:51,923 [INFO] in scala-execution-context-global-38 - [[37minfo[0m] c.j.i.s.ViewInfo$ - framerateServer: 00:00:00.000
2021-11-13 18:26:51,923 [INFO] in scala-execution-context-global-38 - [[37minfo[0m] c.j.i.s.ViewInfo$ - framerateClient: 00:00:00.000
2021-11-13 18:26:51,923 [INFO] in scala-execution-context-global-38 - [[37minfo[0m] c.j.i.s.ViewInfo$ - raw            : 19983
2021-11-13 18:26:51,923 [INFO] in scala-execution-context-global-38 - [[37minfo[0m] c.j.i.s.ViewInfo$ - zipped         : 3439
2021-11-13 18:26:51,923 [INFO] in scala-execution-context-global-38 - [[37minfo[0m] c.j.i.s.ViewInfo$ - 
2021-11-13 18:26:51,924 [INFO] in scala-execution-context-global-38 - [[37minfo[0m] c.j.i.c.InstanceImpl - closing window!
2021-11-13 18:26:52,076 [INFO] in scala-execution-context-global-38 - [[37minfo[0m] c.jpro - application requested: 0!default
2021-11-13 18:26:52,076 [INFO] in scala-execution-context-global-38 - [[37minfo[0m] c.jpro - Creating Application: 0!default
2021-11-13 18:26:52,076 [INFO] in scala-execution-context-global-38 - [[37minfo[0m] c.jpro - remoteAddress 127.0.0.1
2021-11-13 18:26:52,076 [INFO] in scala-execution-context-global-38 - [[37minfo[0m] c.jpro - host          localhost:8080
2021-11-13 18:26:52,077 [INFO] in scala-execution-context-global-38 - [[37minfo[0m] c.jpro - uri           /app/0!default
2021-11-13 18:26:52,114 [INFO] in scala-execution-context-global-38 - [[37minfo[0m] c.j.i.s.ViewSerializerActor - appdef: AppByMain(default,org.example.App,None,NamedClassLoader(system),false) clientinfo: ClientInfo(http://localhost:8080/,http://localhost:8080/app/default,1920.0,971.0,1.0,false,en-US,List(en-US, en),_xsrf=2|f5272e81|d3fb1c01719e044493f1f83ae2203e64|1636449686,Map(_xsrf -> 2|f5272e81|d3fb1c01719e044493f1f83ae2203e64|1636449686, username-localhost-8888 -> 2|1:0|10:1636449686|23:username-localhost-8888|44:OWE3NTIyNmUzMmZiNDIyNDg3OTU4MGIzYTJmODM4YmE=|6527260601508b3255b0b3e331723e6c82a5ebd1ab9d538358a1a0ecb0c8ebb2),Map(Host -> List(localhost:8080), Accept -> List(*/*), Cookie -> List(username-localhost-8888="2|1:0|10:1636449686|23:username-localhost-8888|44:OWE3NTIyNmUzMmZiNDIyNDg3OTU4MGIzYTJmODM4YmE=|6527260601508b3255b0b3e331723e6c82a5ebd1ab9d538358a1a0ecb0c8ebb2"; _xsrf=2|f5272e81|d3fb1c01719e044493f1f83ae2203e64|1636449686), Origin -> List(http://localhost:8080), Pragma -> List(no-cache), Upgrade -> List(websocket), Connection -> List(keep-alive, Upgrade), User-Agent -> List(Mozilla/5.0 (X11; Linux x86_64; rv:94.0) Gecko/20100101 Firefox/94.0), Cache-Control -> List(no-cache), Remote-Address -> List(127.0.0.1:54696), Sec-Fetch-Dest -> List(websocket), Sec-Fetch-Mode -> List(websocket), Sec-Fetch-Site -> List(same-origin), Timeout-Access -> List(<function1>), Accept-Encoding -> List(gzip, deflate), Accept-Language -> List(en-US,en;q=0.5), Raw-Request-URI -> List(/app/0!default), Tls-Session-Info -> List(Session(1636827979324|SSL_NULL_WITH_NULL_NULL)), Sec-WebSocket-Key -> List(IvHNktCEr3TqDe+QyZUTTA==), UpgradeToWebSocket -> List(), Sec-WebSocket-Version -> List(13), Sec-WebSocket-Extensions -> List(permessage-deflate)))out: Actor[akka://application/system/Materializers/StreamSupervisor-0/$$q-actorRefSource#302556134]
2021-11-13 18:26:52,191 [INFO] in scala-execution-context-global-38 - [[37minfo[0m] com.jpro.JS - received msg: new MainID: 457 userid: 184411977
2021-11-13 18:26:52,657 [INFO] in scala-execution-context-global-38 - [[37minfo[0m] c.j.i.s.ViewInfo$ - 
2021-11-13 18:26:52,658 [INFO] in scala-execution-context-global-38 - [[37minfo[0m] c.j.i.s.ViewInfo$ - Application closed:
2021-11-13 18:26:52,659 [INFO] in scala-execution-context-global-38 - [[37minfo[0m] c.j.i.s.ViewInfo$ - startTime      : Sat Nov 13 18:26:52 WET 2021      
2021-11-13 18:26:52,660 [INFO] in scala-execution-context-global-38 - [[37minfo[0m] c.j.i.s.ViewInfo$ - averageLatency : 00:00:00.000 
2021-11-13 18:26:52,660 [INFO] in scala-execution-context-global-38 - [[37minfo[0m] c.j.i.s.ViewInfo$ - averageJitter  : 00:00:00.000  
2021-11-13 18:26:52,660 [INFO] in scala-execution-context-global-38 - [[37minfo[0m] c.j.i.s.ViewInfo$ - framerateServer: 00:00:00.000
2021-11-13 18:26:52,660 [INFO] in scala-execution-context-global-38 - [[37minfo[0m] c.j.i.s.ViewInfo$ - framerateClient: 00:00:00.000
2021-11-13 18:26:52,661 [INFO] in scala-execution-context-global-38 - [[37minfo[0m] c.j.i.s.ViewInfo$ - raw            : 19983
2021-11-13 18:26:52,661 [INFO] in scala-execution-context-global-38 - [[37minfo[0m] c.j.i.s.ViewInfo$ - zipped         : 3442
2021-11-13 18:26:52,661 [INFO] in scala-execution-context-global-38 - [[37minfo[0m] c.j.i.s.ViewInfo$ - 
2021-11-13 18:26:52,661 [INFO] in scala-execution-context-global-38 - [[37minfo[0m] c.j.i.c.InstanceImpl - closing window!
2021-11-13 18:26:52,806 [INFO] in scala-execution-context-global-38 - [[37minfo[0m] c.jpro - application requested: 0!default
2021-11-13 18:26:52,806 [INFO] in scala-execution-context-global-38 - [[37minfo[0m] c.jpro - Creating Application: 0!default
2021-11-13 18:26:52,807 [INFO] in scala-execution-context-global-38 - [[37minfo[0m] c.jpro - remoteAddress 127.0.0.1
2021-11-13 18:26:52,807 [INFO] in scala-execution-context-global-38 - [[37minfo[0m] c.jpro - host          localhost:8080
2021-11-13 18:26:52,807 [INFO] in scala-execution-context-global-38 - [[37minfo[0m] c.jpro - uri           /app/0!default
2021-11-13 18:26:52,850 [INFO] in scala-execution-context-global-38 - [[37minfo[0m] c.j.i.s.ViewSerializerActor - appdef: AppByMain(default,org.example.App,None,NamedClassLoader(system),false) clientinfo: ClientInfo(http://localhost:8080/,http://localhost:8080/app/default,1920.0,971.0,1.0,false,en-US,List(en-US, en),_xsrf=2|f5272e81|d3fb1c01719e044493f1f83ae2203e64|1636449686,Map(_xsrf -> 2|f5272e81|d3fb1c01719e044493f1f83ae2203e64|1636449686, username-localhost-8888 -> 2|1:0|10:1636449686|23:username-localhost-8888|44:OWE3NTIyNmUzMmZiNDIyNDg3OTU4MGIzYTJmODM4YmE=|6527260601508b3255b0b3e331723e6c82a5ebd1ab9d538358a1a0ecb0c8ebb2),Map(Host -> List(localhost:8080), Accept -> List(*/*), Cookie -> List(username-localhost-8888="2|1:0|10:1636449686|23:username-localhost-8888|44:OWE3NTIyNmUzMmZiNDIyNDg3OTU4MGIzYTJmODM4YmE=|6527260601508b3255b0b3e331723e6c82a5ebd1ab9d538358a1a0ecb0c8ebb2"; _xsrf=2|f5272e81|d3fb1c01719e044493f1f83ae2203e64|1636449686), Origin -> List(http://localhost:8080), Pragma -> List(no-cache), Upgrade -> List(websocket), Connection -> List(keep-alive, Upgrade), User-Agent -> List(Mozilla/5.0 (X11; Linux x86_64; rv:94.0) Gecko/20100101 Firefox/94.0), Cache-Control -> List(no-cache), Remote-Address -> List(127.0.0.1:54698), Sec-Fetch-Dest -> List(websocket), Sec-Fetch-Mode -> List(websocket), Sec-Fetch-Site -> List(same-origin), Timeout-Access -> List(<function1>), Accept-Encoding -> List(gzip, deflate), Accept-Language -> List(en-US,en;q=0.5), Raw-Request-URI -> List(/app/0!default), Tls-Session-Info -> List(Session(1636827979324|SSL_NULL_WITH_NULL_NULL)), Sec-WebSocket-Key -> List(wLZzbQd5WBkmu5RPHBsdDg==), UpgradeToWebSocket -> List(), Sec-WebSocket-Version -> List(13), Sec-WebSocket-Extensions -> List(permessage-deflate)))out: Actor[akka://application/system/Materializers/StreamSupervisor-0/$$t-actorRefSource#-130432548]
2021-11-13 18:26:52,927 [INFO] in scala-execution-context-global-38 - [[37minfo[0m] com.jpro.JS - received msg: new MainID: 457 userid: 2080579865
2021-11-13 18:26:53,330 [INFO] in scala-execution-context-global-38 - [[37minfo[0m] c.j.i.s.ViewInfo$ - 
2021-11-13 18:26:53,330 [INFO] in scala-execution-context-global-38 - [[37minfo[0m] c.j.i.s.ViewInfo$ - Application closed:
2021-11-13 18:26:53,332 [INFO] in scala-execution-context-global-38 - [[37minfo[0m] c.j.i.s.ViewInfo$ - startTime      : Sat Nov 13 18:26:53 WET 2021      
2021-11-13 18:26:53,332 [INFO] in scala-execution-context-global-38 - [[37minfo[0m] c.j.i.s.ViewInfo$ - averageLatency : 00:00:00.000 
2021-11-13 18:26:53,332 [INFO] in scala-execution-context-global-38 - [[37minfo[0m] c.j.i.s.ViewInfo$ - averageJitter  : 00:00:00.000  
2021-11-13 18:26:53,333 [INFO] in scala-execution-context-global-38 - [[37minfo[0m] c.j.i.s.ViewInfo$ - framerateServer: 00:00:00.000
2021-11-13 18:26:53,333 [INFO] in scala-execution-context-global-38 - [[37minfo[0m] c.j.i.s.ViewInfo$ - framerateClient: 00:00:00.000
2021-11-13 18:26:53,333 [INFO] in scala-execution-context-global-38 - [[37minfo[0m] c.j.i.s.ViewInfo$ - raw            : 19983
2021-11-13 18:26:53,333 [INFO] in scala-execution-context-global-38 - [[37minfo[0m] c.j.i.s.ViewInfo$ - zipped         : 3442
2021-11-13 18:26:53,333 [INFO] in scala-execution-context-global-38 - [[37minfo[0m] c.j.i.s.ViewInfo$ - 
2021-11-13 18:26:53,334 [INFO] in scala-execution-context-global-38 - [[37minfo[0m] c.j.i.c.InstanceImpl - closing window!
2021-11-13 18:26:53,444 [INFO] in scala-execution-context-global-38 - [[37minfo[0m] c.jpro - application requested: 0!default
2021-11-13 18:26:53,445 [INFO] in scala-execution-context-global-38 - [[37minfo[0m] c.jpro - Creating Application: 0!default
2021-11-13 18:26:53,445 [INFO] in scala-execution-context-global-38 - [[37minfo[0m] c.jpro - remoteAddress 127.0.0.1
2021-11-13 18:26:53,445 [INFO] in scala-execution-context-global-38 - [[37minfo[0m] c.jpro - host          localhost:8080
2021-11-13 18:26:53,445 [INFO] in scala-execution-context-global-38 - [[37minfo[0m] c.jpro - uri           /app/0!default
2021-11-13 18:26:53,493 [INFO] in scala-execution-context-global-38 - [[37minfo[0m] c.j.i.s.ViewSerializerActor - appdef: AppByMain(default,org.example.App,None,NamedClassLoader(system),false) clientinfo: ClientInfo(http://localhost:8080/,http://localhost:8080/app/default,1920.0,971.0,1.0,false,en-US,List(en-US, en),_xsrf=2|f5272e81|d3fb1c01719e044493f1f83ae2203e64|1636449686,Map(_xsrf -> 2|f5272e81|d3fb1c01719e044493f1f83ae2203e64|1636449686, username-localhost-8888 -> 2|1:0|10:1636449686|23:username-localhost-8888|44:OWE3NTIyNmUzMmZiNDIyNDg3OTU4MGIzYTJmODM4YmE=|6527260601508b3255b0b3e331723e6c82a5ebd1ab9d538358a1a0ecb0c8ebb2),Map(Host -> List(localhost:8080), Accept -> List(*/*), Cookie -> List(username-localhost-8888="2|1:0|10:1636449686|23:username-localhost-8888|44:OWE3NTIyNmUzMmZiNDIyNDg3OTU4MGIzYTJmODM4YmE=|6527260601508b3255b0b3e331723e6c82a5ebd1ab9d538358a1a0ecb0c8ebb2"; _xsrf=2|f5272e81|d3fb1c01719e044493f1f83ae2203e64|1636449686), Origin -> List(http://localhost:8080), Pragma -> List(no-cache), Upgrade -> List(websocket), Connection -> List(keep-alive, Upgrade), User-Agent -> List(Mozilla/5.0 (X11; Linux x86_64; rv:94.0) Gecko/20100101 Firefox/94.0), Cache-Control -> List(no-cache), Remote-Address -> List(127.0.0.1:54700), Sec-Fetch-Dest -> List(websocket), Sec-Fetch-Mode -> List(websocket), Sec-Fetch-Site -> List(same-origin), Timeout-Access -> List(<function1>), Accept-Encoding -> List(gzip, deflate), Accept-Language -> List(en-US,en;q=0.5), Raw-Request-URI -> List(/app/0!default), Tls-Session-Info -> List(Session(1636827979324|SSL_NULL_WITH_NULL_NULL)), Sec-WebSocket-Key -> List(pFr418pB7eVDJDeYQhj62g==), UpgradeToWebSocket -> List(), Sec-WebSocket-Version -> List(13), Sec-WebSocket-Extensions -> List(permessage-deflate)))out: Actor[akka://application/system/Materializers/StreamSupervisor-0/$$w-actorRefSource#2133366016]
2021-11-13 18:26:53,583 [INFO] in scala-execution-context-global-38 - [[37minfo[0m] com.jpro.JS - received msg: new MainID: 457 userid: 1193821994
2021-11-13 18:26:53,953 [INFO] in scala-execution-context-global-38 - [[37minfo[0m] c.j.i.s.ViewInfo$ - 
2021-11-13 18:26:53,954 [INFO] in scala-execution-context-global-38 - [[37minfo[0m] c.j.i.s.ViewInfo$ - Application closed:
2021-11-13 18:26:53,954 [INFO] in scala-execution-context-global-38 - [[37minfo[0m] c.j.i.s.ViewInfo$ - startTime      : Sat Nov 13 18:26:53 WET 2021      
2021-11-13 18:26:53,954 [INFO] in scala-execution-context-global-38 - [[37minfo[0m] c.j.i.s.ViewInfo$ - averageLatency : 00:00:00.000 
2021-11-13 18:26:53,954 [INFO] in scala-execution-context-global-54 - [[37minfo[0m] c.j.i.s.ViewInfo$ - averageJitter  : 00:00:00.000  
2021-11-13 18:26:53,954 [INFO] in scala-execution-context-global-54 - [[37minfo[0m] c.j.i.s.ViewInfo$ - framerateServer: 00:00:00.000
2021-11-13 18:26:53,955 [INFO] in scala-execution-context-global-54 - [[37minfo[0m] c.j.i.s.ViewInfo$ - framerateClient: 00:00:00.000
2021-11-13 18:26:53,955 [INFO] in scala-execution-context-global-54 - [[37minfo[0m] c.j.i.s.ViewInfo$ - raw            : 19983
2021-11-13 18:26:53,955 [INFO] in scala-execution-context-global-54 - [[37minfo[0m] c.j.i.s.ViewInfo$ - zipped         : 3442
2021-11-13 18:26:53,955 [INFO] in scala-execution-context-global-54 - [[37minfo[0m] c.j.i.s.ViewInfo$ - 
2021-11-13 18:26:53,955 [INFO] in scala-execution-context-global-54 - [[37minfo[0m] c.j.i.c.InstanceImpl - closing window!
2021-11-13 18:26:54,061 [INFO] in scala-execution-context-global-54 - [[37minfo[0m] c.jpro - application requested: 0!default
2021-11-13 18:26:54,061 [INFO] in scala-execution-context-global-54 - [[37minfo[0m] c.jpro - Creating Application: 0!default
2021-11-13 18:26:54,061 [INFO] in scala-execution-context-global-54 - [[37minfo[0m] c.jpro - remoteAddress 127.0.0.1
2021-11-13 18:26:54,061 [INFO] in scala-execution-context-global-54 - [[37minfo[0m] c.jpro - host          localhost:8080
2021-11-13 18:26:54,061 [INFO] in scala-execution-context-global-54 - [[37minfo[0m] c.jpro - uri           /app/0!default
2021-11-13 18:26:54,101 [INFO] in scala-execution-context-global-54 - [[37minfo[0m] c.j.i.s.ViewSerializerActor - appdef: AppByMain(default,org.example.App,None,NamedClassLoader(system),false) clientinfo: ClientInfo(http://localhost:8080/,http://localhost:8080/app/default,1920.0,971.0,1.0,false,en-US,List(en-US, en),_xsrf=2|f5272e81|d3fb1c01719e044493f1f83ae2203e64|1636449686,Map(_xsrf -> 2|f5272e81|d3fb1c01719e044493f1f83ae2203e64|1636449686, username-localhost-8888 -> 2|1:0|10:1636449686|23:username-localhost-8888|44:OWE3NTIyNmUzMmZiNDIyNDg3OTU4MGIzYTJmODM4YmE=|6527260601508b3255b0b3e331723e6c82a5ebd1ab9d538358a1a0ecb0c8ebb2),Map(Host -> List(localhost:8080), Accept -> List(*/*), Cookie -> List(username-localhost-8888="2|1:0|10:1636449686|23:username-localhost-8888|44:OWE3NTIyNmUzMmZiNDIyNDg3OTU4MGIzYTJmODM4YmE=|6527260601508b3255b0b3e331723e6c82a5ebd1ab9d538358a1a0ecb0c8ebb2"; _xsrf=2|f5272e81|d3fb1c01719e044493f1f83ae2203e64|1636449686), Origin -> List(http://localhost:8080), Pragma -> List(no-cache), Upgrade -> List(websocket), Connection -> List(keep-alive, Upgrade), User-Agent -> List(Mozilla/5.0 (X11; Linux x86_64; rv:94.0) Gecko/20100101 Firefox/94.0), Cache-Control -> List(no-cache), Remote-Address -> List(127.0.0.1:54704), Sec-Fetch-Dest -> List(websocket), Sec-Fetch-Mode -> List(websocket), Sec-Fetch-Site -> List(same-origin), Timeout-Access -> List(<function1>), Accept-Encoding -> List(gzip, deflate), Accept-Language -> List(en-US,en;q=0.5), Raw-Request-URI -> List(/app/0!default), Tls-Session-Info -> List(Session(1636827979324|SSL_NULL_WITH_NULL_NULL)), Sec-WebSocket-Key -> List(oDy8P6O5d6bqRgNZkNNdYg==), UpgradeToWebSocket -> List(), Sec-WebSocket-Version -> List(13), Sec-WebSocket-Extensions -> List(permessage-deflate)))out: Actor[akka://application/system/Materializers/StreamSupervisor-0/$$z-actorRefSource#-517009387]
2021-11-13 18:26:54,175 [INFO] in scala-execution-context-global-54 - [[37minfo[0m] com.jpro.JS - received msg: new MainID: 457 userid: 1271489778
2021-11-13 18:26:54,560 [INFO] in scala-execution-context-global-54 - [[37minfo[0m] c.j.i.s.ViewInfo$ - 
2021-11-13 18:26:54,560 [INFO] in scala-execution-context-global-38 - [[37minfo[0m] c.j.i.s.ViewInfo$ - Application closed:
2021-11-13 18:26:54,560 [INFO] in scala-execution-context-global-38 - [[37minfo[0m] c.j.i.s.ViewInfo$ - startTime      : Sat Nov 13 18:26:54 WET 2021      
2021-11-13 18:26:54,560 [INFO] in scala-execution-context-global-38 - [[37minfo[0m] c.j.i.s.ViewInfo$ - averageLatency : 00:00:00.000 
2021-11-13 18:26:54,560 [INFO] in scala-execution-context-global-38 - [[37minfo[0m] c.j.i.s.ViewInfo$ - averageJitter  : 00:00:00.000  
2021-11-13 18:26:54,560 [INFO] in scala-execution-context-global-38 - [[37minfo[0m] c.j.i.s.ViewInfo$ - framerateServer: 00:00:00.000
2021-11-13 18:26:54,560 [INFO] in scala-execution-context-global-38 - [[37minfo[0m] c.j.i.s.ViewInfo$ - framerateClient: 00:00:00.000
2021-11-13 18:26:54,560 [INFO] in scala-execution-context-global-38 - [[37minfo[0m] c.j.i.s.ViewInfo$ - raw            : 19983
2021-11-13 18:26:54,561 [INFO] in scala-execution-context-global-55 - [[37minfo[0m] c.j.i.s.ViewInfo$ - zipped         : 3441
2021-11-13 18:26:54,561 [INFO] in scala-execution-context-global-55 - [[37minfo[0m] c.j.i.s.ViewInfo$ - 
2021-11-13 18:26:54,561 [INFO] in scala-execution-context-global-52 - [[37minfo[0m] c.j.i.c.InstanceImpl - closing window!
2021-11-13 18:26:54,675 [INFO] in scala-execution-context-global-65 - [[37minfo[0m] c.jpro - application requested: 0!default
2021-11-13 18:26:54,676 [INFO] in scala-execution-context-global-65 - [[37minfo[0m] c.jpro - Creating Application: 0!default
2021-11-13 18:26:54,677 [INFO] in scala-execution-context-global-65 - [[37minfo[0m] c.jpro - remoteAddress 127.0.0.1
2021-11-13 18:26:54,677 [INFO] in scala-execution-context-global-65 - [[37minfo[0m] c.jpro - host          localhost:8080
2021-11-13 18:26:54,677 [INFO] in scala-execution-context-global-65 - [[37minfo[0m] c.jpro - uri           /app/0!default
2021-11-13 18:26:54,706 [INFO] in scala-execution-context-global-65 - [[37minfo[0m] c.j.i.s.ViewSerializerActor - appdef: AppByMain(default,org.example.App,None,NamedClassLoader(system),false) clientinfo: ClientInfo(http://localhost:8080/,http://localhost:8080/app/default,1920.0,971.0,1.0,false,en-US,List(en-US, en),_xsrf=2|f5272e81|d3fb1c01719e044493f1f83ae2203e64|1636449686,Map(_xsrf -> 2|f5272e81|d3fb1c01719e044493f1f83ae2203e64|1636449686, username-localhost-8888 -> 2|1:0|10:1636449686|23:username-localhost-8888|44:OWE3NTIyNmUzMmZiNDIyNDg3OTU4MGIzYTJmODM4YmE=|6527260601508b3255b0b3e331723e6c82a5ebd1ab9d538358a1a0ecb0c8ebb2),Map(Host -> List(localhost:8080), Accept -> List(*/*), Cookie -> List(username-localhost-8888="2|1:0|10:1636449686|23:username-localhost-8888|44:OWE3NTIyNmUzMmZiNDIyNDg3OTU4MGIzYTJmODM4YmE=|6527260601508b3255b0b3e331723e6c82a5ebd1ab9d538358a1a0ecb0c8ebb2"; _xsrf=2|f5272e81|d3fb1c01719e044493f1f83ae2203e64|1636449686), Origin -> List(http://localhost:8080), Pragma -> List(no-cache), Upgrade -> List(websocket), Connection -> List(keep-alive, Upgrade), User-Agent -> List(Mozilla/5.0 (X11; Linux x86_64; rv:94.0) Gecko/20100101 Firefox/94.0), Cache-Control -> List(no-cache), Remote-Address -> List(127.0.0.1:54706), Sec-Fetch-Dest -> List(websocket), Sec-Fetch-Mode -> List(websocket), Sec-Fetch-Site -> List(same-origin), Timeout-Access -> List(<function1>), Accept-Encoding -> List(gzip, deflate), Accept-Language -> List(en-US,en;q=0.5), Raw-Request-URI -> List(/app/0!default), Tls-Session-Info -> List(Session(1636827979324|SSL_NULL_WITH_NULL_NULL)), Sec-WebSocket-Key -> List(kM0jf2q/aJvusxXnP2gTuQ==), UpgradeToWebSocket -> List(), Sec-WebSocket-Version -> List(13), Sec-WebSocket-Extensions -> List(permessage-deflate)))out: Actor[akka://application/system/Materializers/StreamSupervisor-0/$$C-actorRefSource#-73744395]
2021-11-13 18:26:54,783 [INFO] in scala-execution-context-global-65 - [[37minfo[0m] com.jpro.JS - received msg: new MainID: 457 userid: 631612744
2021-11-13 18:26:55,152 [INFO] in scala-execution-context-global-65 - [[37minfo[0m] c.j.i.s.ViewInfo$ - 
2021-11-13 18:26:55,152 [INFO] in scala-execution-context-global-65 - [[37minfo[0m] c.j.i.s.ViewInfo$ - Application closed:
2021-11-13 18:26:55,152 [INFO] in scala-execution-context-global-55 - [[37minfo[0m] c.j.i.s.ViewInfo$ - startTime      : Sat Nov 13 18:26:55 WET 2021      
2021-11-13 18:26:55,152 [INFO] in scala-execution-context-global-65 - [[37minfo[0m] c.j.i.s.ViewInfo$ - averageLatency : 00:00:00.000 
2021-11-13 18:26:55,153 [INFO] in scala-execution-context-global-65 - [[37minfo[0m] c.j.i.s.ViewInfo$ - averageJitter  : 00:00:00.000  
2021-11-13 18:26:55,153 [INFO] in scala-execution-context-global-55 - [[37minfo[0m] c.j.i.s.ViewInfo$ - framerateServer: 00:00:00.000
2021-11-13 18:26:55,153 [INFO] in scala-execution-context-global-55 - [[37minfo[0m] c.j.i.s.ViewInfo$ - framerateClient: 00:00:00.000
2021-11-13 18:26:55,153 [INFO] in scala-execution-context-global-55 - [[37minfo[0m] c.j.i.s.ViewInfo$ - raw            : 19983
2021-11-13 18:26:55,153 [INFO] in scala-execution-context-global-55 - [[37minfo[0m] c.j.i.s.ViewInfo$ - zipped         : 3439
2021-11-13 18:26:55,153 [INFO] in scala-execution-context-global-55 - [[37minfo[0m] c.j.i.s.ViewInfo$ - 
2021-11-13 18:26:55,153 [INFO] in scala-execution-context-global-65 - [[37minfo[0m] c.j.i.c.InstanceImpl - closing window!
2021-11-13 18:26:55,250 [INFO] in scala-execution-context-global-65 - [[37minfo[0m] c.jpro - application requested: 0!default
2021-11-13 18:26:55,250 [INFO] in scala-execution-context-global-65 - [[37minfo[0m] c.jpro - Creating Application: 0!default
2021-11-13 18:26:55,250 [INFO] in scala-execution-context-global-65 - [[37minfo[0m] c.jpro - remoteAddress 127.0.0.1
2021-11-13 18:26:55,250 [INFO] in scala-execution-context-global-65 - [[37minfo[0m] c.jpro - host          localhost:8080
2021-11-13 18:26:55,250 [INFO] in scala-execution-context-global-65 - [[37minfo[0m] c.jpro - uri           /app/0!default
2021-11-13 18:26:55,281 [INFO] in scala-execution-context-global-65 - [[37minfo[0m] c.j.i.s.ViewSerializerActor - appdef: AppByMain(default,org.example.App,None,NamedClassLoader(system),false) clientinfo: ClientInfo(http://localhost:8080/,http://localhost:8080/app/default,1920.0,971.0,1.0,false,en-US,List(en-US, en),_xsrf=2|f5272e81|d3fb1c01719e044493f1f83ae2203e64|1636449686,Map(_xsrf -> 2|f5272e81|d3fb1c01719e044493f1f83ae2203e64|1636449686, username-localhost-8888 -> 2|1:0|10:1636449686|23:username-localhost-8888|44:OWE3NTIyNmUzMmZiNDIyNDg3OTU4MGIzYTJmODM4YmE=|6527260601508b3255b0b3e331723e6c82a5ebd1ab9d538358a1a0ecb0c8ebb2),Map(Host -> List(localhost:8080), Accept -> List(*/*), Cookie -> List(username-localhost-8888="2|1:0|10:1636449686|23:username-localhost-8888|44:OWE3NTIyNmUzMmZiNDIyNDg3OTU4MGIzYTJmODM4YmE=|6527260601508b3255b0b3e331723e6c82a5ebd1ab9d538358a1a0ecb0c8ebb2"; _xsrf=2|f5272e81|d3fb1c01719e044493f1f83ae2203e64|1636449686), Origin -> List(http://localhost:8080), Pragma -> List(no-cache), Upgrade -> List(websocket), Connection -> List(keep-alive, Upgrade), User-Agent -> List(Mozilla/5.0 (X11; Linux x86_64; rv:94.0) Gecko/20100101 Firefox/94.0), Cache-Control -> List(no-cache), Remote-Address -> List(127.0.0.1:54708), Sec-Fetch-Dest -> List(websocket), Sec-Fetch-Mode -> List(websocket), Sec-Fetch-Site -> List(same-origin), Timeout-Access -> List(<function1>), Accept-Encoding -> List(gzip, deflate), Accept-Language -> List(en-US,en;q=0.5), Raw-Request-URI -> List(/app/0!default), Tls-Session-Info -> List(Session(1636827979324|SSL_NULL_WITH_NULL_NULL)), Sec-WebSocket-Key -> List(Ngk50X3J2SlKZWTs3wbJgQ==), UpgradeToWebSocket -> List(), Sec-WebSocket-Version -> List(13), Sec-WebSocket-Extensions -> List(permessage-deflate)))out: Actor[akka://application/system/Materializers/StreamSupervisor-0/$$F-actorRefSource#1015053983]
2021-11-13 18:26:55,359 [INFO] in scala-execution-context-global-65 - [[37minfo[0m] com.jpro.JS - received msg: new MainID: 457 userid: 848075064
2021-11-13 18:29:53,148 [INFO] in scala-execution-context-global-65 - [[37minfo[0m] c.jpro - application requested: 0!default
2021-11-13 18:29:53,149 [INFO] in scala-execution-context-global-65 - [[37minfo[0m] c.jpro - Creating Application: 0!default
2021-11-13 18:29:53,149 [INFO] in scala-execution-context-global-65 - [[37minfo[0m] c.jpro - remoteAddress 192.168.43.187
2021-11-13 18:29:53,149 [INFO] in scala-execution-context-global-65 - [[37minfo[0m] c.jpro - host          192.168.43.180:8080
2021-11-13 18:29:53,149 [INFO] in scala-execution-context-global-65 - [[37minfo[0m] c.jpro - uri           /app/0!default
2021-11-13 18:29:53,268 [INFO] in scala-execution-context-global-65 - [[37minfo[0m] c.j.i.s.ViewSerializerActor - appdef: AppByMain(default,org.example.App,None,NamedClassLoader(system),false) clientinfo: ClientInfo(http://192.168.43.180:8080/,http://192.168.43.180:8080/app/default,1366.0,682.0,1.0,false,es-ES,List(es-ES, es, en-US, en),,Map(),Map(Host -> List(192.168.43.180:8080), Accept -> List(*/*), Origin -> List(http://192.168.43.180:8080), Pragma -> List(no-cache), Upgrade -> List(websocket), Connection -> List(keep-alive, Upgrade), User-Agent -> List(Mozilla/5.0 (Windows NT 10.0; Win64; x64; rv:94.0) Gecko/20100101 Firefox/94.0), Cache-Control -> List(no-cache), Remote-Address -> List(192.168.43.187:51726), Timeout-Access -> List(<function1>), Accept-Encoding -> List(gzip, deflate), Accept-Language -> List(es-ES,es;q=0.8,en-US;q=0.5,en;q=0.3), Raw-Request-URI -> List(/app/0!default), Tls-Session-Info -> List(Session(1636827979324|SSL_NULL_WITH_NULL_NULL)), Sec-WebSocket-Key -> List(aUanOCyrDZ0CpGU40IODwQ==), UpgradeToWebSocket -> List(), Sec-WebSocket-Version -> List(13), Sec-WebSocket-Extensions -> List(permessage-deflate)))out: Actor[akka://application/system/Materializers/StreamSupervisor-0/$$K-actorRefSource#1912340325]
2021-11-13 18:29:53,407 [INFO] in scala-execution-context-global-65 - [[37minfo[0m] com.jpro.JS - received msg: new MainID: 457 userid: 1120711392
2021-11-13 18:34:48,725 [INFO] in scala-execution-context-global-55 - [[37minfo[0m] c.jpro - application requested: 0!default
2021-11-13 18:34:48,725 [INFO] in scala-execution-context-global-55 - [[37minfo[0m] c.jpro - Creating Application: 0!default
2021-11-13 18:34:48,726 [INFO] in scala-execution-context-global-55 - [[37minfo[0m] c.jpro - remoteAddress 192.168.43.1
2021-11-13 18:34:48,726 [INFO] in scala-execution-context-global-55 - [[37minfo[0m] c.jpro - host          192.168.43.180:8080
2021-11-13 18:34:48,726 [INFO] in scala-execution-context-global-55 - [[37minfo[0m] c.jpro - uri           /app/0!default
2021-11-13 18:34:48,787 [INFO] in scala-execution-context-global-55 - [[37minfo[0m] c.j.i.s.ViewSerializerActor - appdef: AppByMain(default,org.example.App,None,NamedClassLoader(system),false) clientinfo: ClientInfo(http://192.168.43.180:8080/,http://192.168.43.180:8080/app/default,396.0,766.0,2.727272727272727,true,es-ES,List(es-ES),,Map(),Map(Host -> List(192.168.43.180:8080), Accept -> List(*/*), Origin -> List(http://192.168.43.180:8080), Pragma -> List(no-cache), Upgrade -> List(websocket), Connection -> List(keep-alive, Upgrade), User-Agent -> List(Mozilla/5.0 (Android 9; Mobile; rv:86.0) Gecko/86.0 Firefox/86.0), Cache-Control -> List(no-cache), Remote-Address -> List(192.168.43.1:38924), Timeout-Access -> List(<function1>), Accept-Encoding -> List(gzip, deflate), Accept-Language -> List(es-ES), Raw-Request-URI -> List(/app/0!default), Tls-Session-Info -> List(Session(1636827979324|SSL_NULL_WITH_NULL_NULL)), Sec-WebSocket-Key -> List(0U9PWywKHxDLIuJJ5gWx5Q==), UpgradeToWebSocket -> List(), Sec-WebSocket-Version -> List(13), Sec-WebSocket-Extensions -> List(permessage-deflate)))out: Actor[akka://application/system/Materializers/StreamSupervisor-0/$$P-actorRefSource#-852413501]
2021-11-13 18:34:48,896 [INFO] in scala-execution-context-global-55 - [[37minfo[0m] com.jpro.JS - received msg: new MainID: 457 userid: 2132390064
2021-11-13 18:55:42,800 [INFO] in scala-execution-context-global-55 - [[37minfo[0m] com.jpro.JS - received msg: JS Error: scala.scalajs.js.JavaScriptException: NotFoundError: Element.setPointerCapture: Invalid pointer id
2021-11-13 18:55:42,800 [INFO] in scala-execution-context-global-65 - [[37minfo[0m] com.jpro.JS - received msg: JS Error: scala.scalajs.js.JavaScriptException: NotFoundError: Element.setPointerCapture: Invalid pointer id
2021-11-13 19:15:51,104 [INFO] in scala-execution-context-global-55 - [[37minfo[0m] c.j.i.s.ViewInfo$ - 
2021-11-13 19:15:51,105 [INFO] in scala-execution-context-global-55 - [[37minfo[0m] c.j.i.s.ViewInfo$ - Application closed:
2021-11-13 19:15:51,105 [INFO] in scala-execution-context-global-55 - [[37minfo[0m] c.j.i.s.ViewInfo$ - startTime      : Sat Nov 13 19:15:51 WET 2021      
2021-11-13 19:15:51,105 [INFO] in scala-execution-context-global-55 - [[37minfo[0m] c.j.i.s.ViewInfo$ - averageLatency : -00:00:00.682 
2021-11-13 19:15:51,105 [INFO] in scala-execution-context-global-55 - [[37minfo[0m] c.j.i.s.ViewInfo$ - averageJitter  : 00:00:00.004  
2021-11-13 19:15:51,105 [INFO] in scala-execution-context-global-55 - [[37minfo[0m] c.j.i.s.ViewInfo$ - framerateServer: 00:00:00.000
2021-11-13 19:15:51,106 [INFO] in scala-execution-context-global-55 - [[37minfo[0m] c.j.i.s.ViewInfo$ - framerateClient: 00:00:00.000
2021-11-13 19:15:51,106 [INFO] in scala-execution-context-global-55 - [[37minfo[0m] c.j.i.s.ViewInfo$ - raw            : 1467278
2021-11-13 19:15:51,106 [INFO] in scala-execution-context-global-55 - [[37minfo[0m] c.j.i.s.ViewInfo$ - zipped         : 585415
2021-11-13 19:15:51,106 [INFO] in scala-execution-context-global-65 - [[37minfo[0m] c.j.i.s.ViewInfo$ - 
2021-11-13 19:15:51,106 [INFO] in scala-execution-context-global-65 - [[37minfo[0m] c.j.i.c.InstanceImpl - closing window!
2021-11-13 19:17:36,383 [INFO] in scala-execution-context-global-65 - [[37minfo[0m] c.jpro - application requested: 0!default
2021-11-13 19:17:36,383 [INFO] in scala-execution-context-global-65 - [[37minfo[0m] c.jpro - Creating Application: 0!default
2021-11-13 19:17:36,383 [INFO] in scala-execution-context-global-65 - [[37minfo[0m] c.jpro - remoteAddress 192.168.43.187
2021-11-13 19:17:36,384 [INFO] in scala-execution-context-global-65 - [[37minfo[0m] c.jpro - host          192.168.43.180:8080
2021-11-13 19:17:36,384 [INFO] in scala-execution-context-global-65 - [[37minfo[0m] c.jpro - uri           /app/0!default
2021-11-13 19:17:36,484 [INFO] in scala-execution-context-global-65 - [[37minfo[0m] c.j.i.s.ViewSerializerActor - appdef: AppByMain(default,org.example.App,None,NamedClassLoader(system),false) clientinfo: ClientInfo(http://192.168.43.180:8080/,http://192.168.43.180:8080/app/default,1360.0,683.0,1.0,false,es-ES,List(es-ES, es, en-US, en),,Map(),Map(Host -> List(192.168.43.180:8080), Accept -> List(*/*), Origin -> List(http://192.168.43.180:8080), Pragma -> List(no-cache), Upgrade -> List(websocket), Connection -> List(keep-alive, Upgrade), User-Agent -> List(Mozilla/5.0 (Windows NT 10.0; Win64; x64; rv:94.0) Gecko/20100101 Firefox/94.0), Cache-Control -> List(no-cache), Remote-Address -> List(192.168.43.187:59427), Timeout-Access -> List(<function1>), Accept-Encoding -> List(gzip, deflate), Accept-Language -> List(es-ES,es;q=0.8,en-US;q=0.5,en;q=0.3), Raw-Request-URI -> List(/app/0!default), Tls-Session-Info -> List(Session(1636827979324|SSL_NULL_WITH_NULL_NULL)), Sec-WebSocket-Key -> List(C1la1FjnQX/NNMdWoH2sgg==), UpgradeToWebSocket -> List(), Sec-WebSocket-Version -> List(13), Sec-WebSocket-Extensions -> List(permessage-deflate)))out: Actor[akka://application/system/Materializers/StreamSupervisor-0/$$V-actorRefSource#2009691818]
2021-11-13 19:17:36,719 [INFO] in scala-execution-context-global-65 - [[37minfo[0m] com.jpro.JS - received msg: new MainID: 457 userid: 1282780968
2021-11-13 19:17:50,673 [INFO] in scala-execution-context-global-65 - [[37minfo[0m] c.j.i.s.ViewInfo$ - 
2021-11-13 19:17:50,673 [INFO] in scala-execution-context-global-55 - [[37minfo[0m] c.j.i.s.ViewInfo$ - Application closed:
2021-11-13 19:17:50,674 [INFO] in scala-execution-context-global-55 - [[37minfo[0m] c.j.i.s.ViewInfo$ - startTime      : Sat Nov 13 19:17:50 WET 2021      
2021-11-13 19:17:50,674 [INFO] in scala-execution-context-global-55 - [[37minfo[0m] c.j.i.s.ViewInfo$ - averageLatency : -00:00:00.674 
2021-11-13 19:17:50,674 [INFO] in scala-execution-context-global-55 - [[37minfo[0m] c.j.i.s.ViewInfo$ - averageJitter  : 00:00:00.013  
2021-11-13 19:17:50,674 [INFO] in scala-execution-context-global-55 - [[37minfo[0m] c.j.i.s.ViewInfo$ - framerateServer: 00:00:00.000
2021-11-13 19:17:50,674 [INFO] in scala-execution-context-global-55 - [[37minfo[0m] c.j.i.s.ViewInfo$ - framerateClient: 00:00:00.000
2021-11-13 19:17:50,674 [INFO] in scala-execution-context-global-65 - [[37minfo[0m] c.j.i.s.ViewInfo$ - raw            : 269840
2021-11-13 19:17:50,674 [INFO] in scala-execution-context-global-65 - [[37minfo[0m] c.j.i.s.ViewInfo$ - zipped         : 61091
2021-11-13 19:17:50,674 [INFO] in scala-execution-context-global-65 - [[37minfo[0m] c.j.i.s.ViewInfo$ - 
2021-11-13 19:17:50,675 [INFO] in scala-execution-context-global-64 - [[37minfo[0m] c.j.i.c.InstanceImpl - closing window!
2021-11-13 19:19:56,065 [INFO] in scala-execution-context-global-64 - [[37minfo[0m] c.j.i.s.ViewInfo$ - 
2021-11-13 19:19:56,065 [INFO] in scala-execution-context-global-64 - [[37minfo[0m] c.j.i.s.ViewInfo$ - Application closed:
2021-11-13 19:19:56,065 [INFO] in scala-execution-context-global-64 - [[37minfo[0m] c.j.i.s.ViewInfo$ - startTime      : Sat Nov 13 19:19:56 WET 2021      
2021-11-13 19:19:56,065 [INFO] in scala-execution-context-global-64 - [[37minfo[0m] c.j.i.s.ViewInfo$ - averageLatency : 00:00:00.003 
2021-11-13 19:19:56,065 [INFO] in scala-execution-context-global-64 - [[37minfo[0m] c.j.i.s.ViewInfo$ - averageJitter  : 00:00:00.001  
2021-11-13 19:19:56,065 [INFO] in scala-execution-context-global-64 - [[37minfo[0m] c.j.i.s.ViewInfo$ - framerateServer: 00:00:00.000
2021-11-13 19:19:56,065 [INFO] in scala-execution-context-global-65 - [[37minfo[0m] c.j.i.s.ViewInfo$ - framerateClient: 00:00:00.000
2021-11-13 19:19:56,066 [INFO] in scala-execution-context-global-55 - [[37minfo[0m] c.j.i.s.ViewInfo$ - raw            : 1052604
2021-11-13 19:19:56,066 [INFO] in scala-execution-context-global-54 - [[37minfo[0m] c.j.i.s.ViewInfo$ - zipped         : 467394
2021-11-13 19:19:56,066 [INFO] in scala-execution-context-global-54 - [[37minfo[0m] c.j.i.s.ViewInfo$ - 
2021-11-13 19:19:56,066 [INFO] in scala-execution-context-global-55 - [[37minfo[0m] c.j.i.c.InstanceImpl - closing window!
2021-11-13 19:25:36,384 [INFO] in scala-execution-context-global-76 - [[37minfo[0m] c.j.i.s.ViewInfo$ - 
2021-11-13 19:25:36,384 [INFO] in scala-execution-context-global-76 - [[37minfo[0m] c.j.i.s.ViewInfo$ - Application closed:
2021-11-13 19:25:36,384 [INFO] in scala-execution-context-global-76 - [[37minfo[0m] c.j.i.s.ViewInfo$ - startTime      : Sat Nov 13 19:25:36 WET 2021      
2021-11-13 19:25:36,384 [INFO] in scala-execution-context-global-76 - [[37minfo[0m] c.j.i.s.ViewInfo$ - averageLatency : -00:00:01.427 
2021-11-13 19:25:36,384 [INFO] in scala-execution-context-global-76 - [[37minfo[0m] c.j.i.s.ViewInfo$ - averageJitter  : 00:00:00.006  
2021-11-13 19:25:36,384 [INFO] in scala-execution-context-global-76 - [[37minfo[0m] c.j.i.s.ViewInfo$ - framerateServer: 00:00:00.000
2021-11-13 19:25:36,384 [INFO] in scala-execution-context-global-76 - [[37minfo[0m] c.j.i.s.ViewInfo$ - framerateClient: 00:00:00.000
2021-11-13 19:25:36,384 [INFO] in scala-execution-context-global-76 - [[37minfo[0m] c.j.i.s.ViewInfo$ - raw            : 1111914
2021-11-13 19:25:36,384 [INFO] in scala-execution-context-global-76 - [[37minfo[0m] c.j.i.s.ViewInfo$ - zipped         : 463771
2021-11-13 19:25:36,384 [INFO] in scala-execution-context-global-76 - [[37minfo[0m] c.j.i.s.ViewInfo$ - 
2021-11-13 19:42:27,089 [INFO] in scala-execution-context-global-77 - [[37minfo[0m] c.j.i.c.InstanceImpl - closing window!
2021-11-13 20:15:20,853 [INFO] in scala-execution-context-global-84 - [[37minfo[0m] c.jpro - application requested: 0!default
2021-11-13 20:15:20,853 [INFO] in scala-execution-context-global-84 - [[37minfo[0m] c.jpro - Creating Application: 0!default
2021-11-13 20:15:20,853 [INFO] in scala-execution-context-global-85 - [[37minfo[0m] c.jpro - remoteAddress 192.168.43.1
2021-11-13 20:15:20,853 [INFO] in scala-execution-context-global-84 - [[37minfo[0m] c.jpro - host          192.168.43.180:8080
2021-11-13 20:15:20,853 [INFO] in scala-execution-context-global-85 - [[37minfo[0m] c.jpro - uri           /app/0!default
2021-11-13 20:15:21,043 [INFO] in scala-execution-context-global-88 - [[37minfo[0m] c.j.i.s.ViewSerializerActor - appdef: AppByMain(default,org.example.App,None,NamedClassLoader(system),false) clientinfo: ClientInfo(http://192.168.43.180:8080/,http://192.168.43.180:8080/app/default,396.0,766.0,2.727272727272727,true,es-ES,List(es-ES),,Map(),Map(Host -> List(192.168.43.180:8080), Accept -> List(*/*), Origin -> List(http://192.168.43.180:8080), Pragma -> List(no-cache), Upgrade -> List(websocket), Connection -> List(keep-alive, Upgrade), User-Agent -> List(Mozilla/5.0 (Android 9; Mobile; rv:86.0) Gecko/86.0 Firefox/86.0), Cache-Control -> List(no-cache), Remote-Address -> List(192.168.43.1:39954), Timeout-Access -> List(<function1>), Accept-Encoding -> List(gzip, deflate), Accept-Language -> List(es-ES), Raw-Request-URI -> List(/app/0!default), Tls-Session-Info -> List(Session(1636827979324|SSL_NULL_WITH_NULL_NULL)), Sec-WebSocket-Key -> List(TUVY3AXoIp9QekB880QTAQ==), UpgradeToWebSocket -> List(), Sec-WebSocket-Version -> List(13), Sec-WebSocket-Extensions -> List(permessage-deflate)))out: Actor[akka://application/system/Materializers/StreamSupervisor-0/$$Z-actorRefSource#-132328839]
2021-11-13 20:15:21,280 [INFO] in scala-execution-context-global-88 - [[37minfo[0m] com.jpro.JS - received msg: new MainID: 457 userid: 221632722
2021-11-13 20:15:21,288 [INFO] in scala-execution-context-global-88 - [[33mwarn[0m] c.jpro - resource not available: java.io.FileNotFoundException: /home/rubisrage/TestGHA/target/jpro/fonts/Roboto-Regular.ttf (No such file or directory)
2021-11-15 09:17:49,456 [INFO] in scala-execution-context-global-38 - [[37minfo[0m] c.j.i.s.Initializer$ - redirected OUT / ERR
2021-11-15 09:17:49,457 [INFO] in scala-execution-context-global-38 - [[37minfo[0m] c.j.i.s.Initializer$ - installed SLF4JBridge
2021-11-15 09:17:49,457 [INFO] in scala-execution-context-global-38 - [[33mwarn[0m] javafx - Unsupported JavaFX configuration: classes were loaded from 'unnamed module @98eb486'
2021-11-15 09:17:49,457 [INFO] in scala-execution-context-global-38 - [[37minfo[0m] c.j.i.s.Initializer$ - finished init!
2021-11-15 09:17:49,458 [INFO] in scala-execution-context-global-54 - [[37minfo[0m] c.j.i.s.Initializer$ - JavaFX version: 17.0.0.1-jpro+0-2021-10-03-113133
2021-11-15 09:17:50,334 [INFO] in scala-execution-context-global-54 - [[37minfo[0m] c.jpro - application requested: 0!default
2021-11-15 09:17:50,349 [INFO] in scala-execution-context-global-54 - [[37minfo[0m] c.jpro - Creating Application: 0!default
2021-11-15 09:17:50,353 [INFO] in scala-execution-context-global-54 - [[37minfo[0m] c.jpro - remoteAddress 127.0.0.1
2021-11-15 09:17:50,354 [INFO] in scala-execution-context-global-54 - [[37minfo[0m] c.jpro - host          localhost:8080
2021-11-15 09:17:50,354 [INFO] in scala-execution-context-global-54 - [[37minfo[0m] c.jpro - uri           /app/0!default
2021-11-15 09:17:50,818 [INFO] in scala-execution-context-global-54 - [[37minfo[0m] c.j.i.s.ViewSerializerActor - appdef: AppByMain(default,org.example.App,None,NamedClassLoader(system),false) clientinfo: ClientInfo(http://localhost:8080/,http://localhost:8080/app/default,1920.0,971.0,1.0,false,en-US,List(en-US, en),_xsrf=2|f5272e81|d3fb1c01719e044493f1f83ae2203e64|1636449686,Map(_xsrf -> 2|f5272e81|d3fb1c01719e044493f1f83ae2203e64|1636449686, username-localhost-8888 -> 2|1:0|10:1636449686|23:username-localhost-8888|44:OWE3NTIyNmUzMmZiNDIyNDg3OTU4MGIzYTJmODM4YmE=|6527260601508b3255b0b3e331723e6c82a5ebd1ab9d538358a1a0ecb0c8ebb2),Map(Host -> List(localhost:8080), Accept -> List(*/*), Cookie -> List(username-localhost-8888="2|1:0|10:1636449686|23:username-localhost-8888|44:OWE3NTIyNmUzMmZiNDIyNDg3OTU4MGIzYTJmODM4YmE=|6527260601508b3255b0b3e331723e6c82a5ebd1ab9d538358a1a0ecb0c8ebb2"; _xsrf=2|f5272e81|d3fb1c01719e044493f1f83ae2203e64|1636449686), Origin -> List(http://localhost:8080), Pragma -> List(no-cache), Upgrade -> List(websocket), Connection -> List(keep-alive, Upgrade), User-Agent -> List(Mozilla/5.0 (X11; Linux x86_64; rv:94.0) Gecko/20100101 Firefox/94.0), Cache-Control -> List(no-cache), Remote-Address -> List(127.0.0.1:57104), Sec-Fetch-Dest -> List(websocket), Sec-Fetch-Mode -> List(websocket), Sec-Fetch-Site -> List(same-origin), Timeout-Access -> List(<function1>), Accept-Encoding -> List(gzip, deflate), Accept-Language -> List(en-US,en;q=0.5), Raw-Request-URI -> List(/app/0!default), Tls-Session-Info -> List(Session(1636967868549|SSL_NULL_WITH_NULL_NULL)), Sec-WebSocket-Key -> List(PbfGVJ5jwAyCvACeZCxazw==), UpgradeToWebSocket -> List(), Sec-WebSocket-Version -> List(13), Sec-WebSocket-Extensions -> List(permessage-deflate)))out: Actor[akka://application/system/Materializers/StreamSupervisor-0/$$f-actorRefSource#-2059389139]
2021-11-15 09:17:51,621 [INFO] in scala-execution-context-global-54 - [[37minfo[0m] com.jpro.JS - received msg: new MainID: 457 userid: 1491024834
2021-11-15 09:18:39,214 [INFO] in scala-execution-context-global-54 - [[37minfo[0m] c.jpro - application requested: 0!default
2021-11-15 09:18:39,215 [INFO] in scala-execution-context-global-54 - [[37minfo[0m] c.jpro - Creating Application: 0!default
2021-11-15 09:18:39,215 [INFO] in scala-execution-context-global-54 - [[37minfo[0m] c.jpro - remoteAddress 192.168.43.129
2021-11-15 09:18:39,215 [INFO] in scala-execution-context-global-54 - [[37minfo[0m] c.jpro - host          192.168.43.180:8080
2021-11-15 09:18:39,216 [INFO] in scala-execution-context-global-54 - [[37minfo[0m] c.jpro - uri           /app/0!default
2021-11-15 09:18:39,291 [INFO] in scala-execution-context-global-54 - [[37minfo[0m] c.j.i.s.ViewSerializerActor - appdef: AppByMain(default,org.example.App,None,NamedClassLoader(system),false) clientinfo: ClientInfo(http://192.168.43.180:8080/,http://192.168.43.180:8080/app/default,424.0,858.0,2.549999952316284,true,es-ES,List(es-ES, es, en-US, en),,Map(),Map(Host -> List(192.168.43.180:8080), Origin -> List(http://192.168.43.180:8080), Pragma -> List(no-cache), Upgrade -> List(websocket), Connection -> List(Upgrade), User-Agent -> List(Mozilla/5.0 (Linux; Android 11; RMX1931) AppleWebKit/537.36 (KHTML, like Gecko) Chrome/95.0.4638.74 Mobile Safari/537.36), Cache-Control -> List(no-cache), Remote-Address -> List(192.168.43.129:38518), Timeout-Access -> List(<function1>), Accept-Encoding -> List(gzip, deflate), Accept-Language -> List(es-ES,es;q=0.9,en-US;q=0.8,en;q=0.7), Raw-Request-URI -> List(/app/0!default), Tls-Session-Info -> List(Session(1636967868549|SSL_NULL_WITH_NULL_NULL)), Sec-WebSocket-Key -> List(uCpSa+zAYfMRkPYlXxGj1w==), UpgradeToWebSocket -> List(), Sec-WebSocket-Version -> List(13), Sec-WebSocket-Extensions -> List(permessage-deflate; client_max_window_bits)))out: Actor[akka://application/system/Materializers/StreamSupervisor-0/$$l-actorRefSource#1366055735]
2021-11-15 09:18:39,557 [INFO] in scala-execution-context-global-54 - [[37minfo[0m] com.jpro.JS - received msg: new MainID: 457 userid: 1799814830
2021-11-15 12:45:17,769 [INFO] in scala-execution-context-global-38 - [[37minfo[0m] c.j.i.s.Initializer$ - redirected OUT / ERR
2021-11-15 12:45:17,769 [INFO] in scala-execution-context-global-53 - [[37minfo[0m] c.j.i.s.Initializer$ - installed SLF4JBridge
2021-11-15 12:45:17,770 [INFO] in scala-execution-context-global-54 - [[33mwarn[0m] javafx - Unsupported JavaFX configuration: classes were loaded from 'unnamed module @500b6cb3'
2021-11-15 12:45:17,770 [INFO] in scala-execution-context-global-54 - [[37minfo[0m] c.j.i.s.Initializer$ - finished init!
2021-11-15 12:45:17,770 [INFO] in scala-execution-context-global-54 - [[37minfo[0m] c.j.i.s.Initializer$ - JavaFX version: 17.0.0.1-jpro+0-2021-10-03-113133
2021-11-15 12:45:18,427 [INFO] in scala-execution-context-global-54 - [[37minfo[0m] c.jpro - application requested: 0!default
2021-11-15 12:45:18,434 [INFO] in scala-execution-context-global-54 - [[37minfo[0m] c.jpro - Creating Application: 0!default
2021-11-15 12:45:18,437 [INFO] in scala-execution-context-global-54 - [[37minfo[0m] c.jpro - remoteAddress 127.0.0.1
2021-11-15 12:45:18,437 [INFO] in scala-execution-context-global-54 - [[37minfo[0m] c.jpro - host          localhost:8080
2021-11-15 12:45:18,437 [INFO] in scala-execution-context-global-54 - [[37minfo[0m] c.jpro - uri           /app/0!default
2021-11-15 12:45:18,760 [INFO] in scala-execution-context-global-54 - [[37minfo[0m] c.j.i.s.ViewSerializerActor - appdef: AppByMain(default,org.example.App,None,NamedClassLoader(system),false) clientinfo: ClientInfo(http://localhost:8080/,http://localhost:8080/app/default,1920.0,971.0,1.0,false,en-US,List(en-US, en),_xsrf=2|f5272e81|d3fb1c01719e044493f1f83ae2203e64|1636449686,Map(_xsrf -> 2|f5272e81|d3fb1c01719e044493f1f83ae2203e64|1636449686, username-localhost-8888 -> 2|1:0|10:1636449686|23:username-localhost-8888|44:OWE3NTIyNmUzMmZiNDIyNDg3OTU4MGIzYTJmODM4YmE=|6527260601508b3255b0b3e331723e6c82a5ebd1ab9d538358a1a0ecb0c8ebb2),Map(Host -> List(localhost:8080), Accept -> List(*/*), Cookie -> List(username-localhost-8888="2|1:0|10:1636449686|23:username-localhost-8888|44:OWE3NTIyNmUzMmZiNDIyNDg3OTU4MGIzYTJmODM4YmE=|6527260601508b3255b0b3e331723e6c82a5ebd1ab9d538358a1a0ecb0c8ebb2"; _xsrf=2|f5272e81|d3fb1c01719e044493f1f83ae2203e64|1636449686), Origin -> List(http://localhost:8080), Pragma -> List(no-cache), Upgrade -> List(websocket), Connection -> List(keep-alive, Upgrade), User-Agent -> List(Mozilla/5.0 (X11; Linux x86_64; rv:94.0) Gecko/20100101 Firefox/94.0), Cache-Control -> List(no-cache), Remote-Address -> List(127.0.0.1:57180), Sec-Fetch-Dest -> List(websocket), Sec-Fetch-Mode -> List(websocket), Sec-Fetch-Site -> List(same-origin), Timeout-Access -> List(<function1>), Accept-Encoding -> List(gzip, deflate), Accept-Language -> List(en-US,en;q=0.5), Raw-Request-URI -> List(/app/0!default), Tls-Session-Info -> List(Session(1636980317129|SSL_NULL_WITH_NULL_NULL)), Sec-WebSocket-Key -> List(h4/gsIYOS/e8YIGMcZkBSA==), UpgradeToWebSocket -> List(), Sec-WebSocket-Version -> List(13), Sec-WebSocket-Extensions -> List(permessage-deflate)))out: Actor[akka://application/system/Materializers/StreamSupervisor-0/$$f-actorRefSource#451381289]
2021-11-15 12:45:19,397 [INFO] in scala-execution-context-global-54 - [[37minfo[0m] com.jpro.JS - received msg: new MainID: 457 userid: 1691998706
2021-11-15 12:45:24,909 [INFO] in scala-execution-context-global-54 - [[37minfo[0m] c.jpro - application requested: 0!default
2021-11-15 12:45:24,910 [INFO] in scala-execution-context-global-54 - [[37minfo[0m] c.jpro - Creating Application: 0!default
2021-11-15 12:45:24,910 [INFO] in scala-execution-context-global-54 - [[37minfo[0m] c.jpro - remoteAddress 192.168.43.10
2021-11-15 12:45:24,911 [INFO] in scala-execution-context-global-54 - [[37minfo[0m] c.jpro - host          192.168.43.180:8080
2021-11-15 12:45:24,911 [INFO] in scala-execution-context-global-54 - [[37minfo[0m] c.jpro - uri           /app/0!default
2021-11-15 12:45:24,988 [INFO] in scala-execution-context-global-54 - [[37minfo[0m] c.j.i.s.ViewSerializerActor - appdef: AppByMain(default,org.example.App,None,NamedClassLoader(system),false) clientinfo: ClientInfo(http://192.168.43.180:8080/,http://192.168.43.180:8080/app/default,396.0,766.0,2.727272727272727,true,en-GB,List(en-GB),,Map(),Map(Host -> List(192.168.43.180:8080), Accept -> List(*/*), Origin -> List(http://192.168.43.180:8080), Pragma -> List(no-cache), Upgrade -> List(websocket), Connection -> List(keep-alive, Upgrade), User-Agent -> List(Mozilla/5.0 (Android 9; Mobile; rv:94.0) Gecko/94.0 Firefox/94.0), Cache-Control -> List(no-cache), Remote-Address -> List(192.168.43.10:44976), Timeout-Access -> List(<function1>), Accept-Encoding -> List(gzip, deflate), Accept-Language -> List(en-GB), Raw-Request-URI -> List(/app/0!default), Tls-Session-Info -> List(Session(1636980317129|SSL_NULL_WITH_NULL_NULL)), Sec-WebSocket-Key -> List(4ShAuoqsGUlOl0z6DNHVyw==), UpgradeToWebSocket -> List(), Sec-WebSocket-Version -> List(13), Sec-WebSocket-Extensions -> List(permessage-deflate)))out: Actor[akka://application/system/Materializers/StreamSupervisor-0/$$m-actorRefSource#1253304251]
2021-11-15 12:45:25,110 [INFO] in scala-execution-context-global-54 - [[37minfo[0m] com.jpro.JS - received msg: new MainID: 457 userid: 840711830
2021-11-15 19:52:20,883 [INFO] in scala-execution-context-global-38 - [[37minfo[0m] c.j.i.s.Initializer$ - redirected OUT / ERR
2021-11-15 19:52:20,884 [INFO] in scala-execution-context-global-52 - [[37minfo[0m] c.j.i.s.Initializer$ - installed SLF4JBridge
2021-11-15 19:52:20,884 [INFO] in scala-execution-context-global-38 - [[33mwarn[0m] javafx - Unsupported JavaFX configuration: classes were loaded from 'unnamed module @94d151e'
2021-11-15 19:52:20,884 [INFO] in scala-execution-context-global-38 - [[37minfo[0m] c.j.i.s.Initializer$ - finished init!
2021-11-15 19:52:20,885 [INFO] in scala-execution-context-global-55 - [[37minfo[0m] c.j.i.s.Initializer$ - JavaFX version: 17.0.0.1-jpro+0-2021-10-03-113133
2021-11-15 19:52:21,579 [INFO] in scala-execution-context-global-55 - [[37minfo[0m] c.jpro - application requested: 0!default
2021-11-15 19:52:21,588 [INFO] in scala-execution-context-global-55 - [[37minfo[0m] c.jpro - Creating Application: 0!default
2021-11-15 19:52:21,590 [INFO] in scala-execution-context-global-55 - [[37minfo[0m] c.jpro - remoteAddress 127.0.0.1
2021-11-15 19:52:21,591 [INFO] in scala-execution-context-global-52 - [[37minfo[0m] c.jpro - host          localhost:8080
2021-11-15 19:52:21,591 [INFO] in scala-execution-context-global-52 - [[37minfo[0m] c.jpro - uri           /app/0!default
2021-11-15 19:52:21,941 [INFO] in scala-execution-context-global-52 - [[37minfo[0m] c.j.i.s.ViewSerializerActor - appdef: AppByMain(default,org.example.App,None,NamedClassLoader(system),false) clientinfo: ClientInfo(http://localhost:8080/,http://localhost:8080/app/default,1334.0,914.0,1.0,false,en-US,List(en-US, en),_xsrf=2|f5272e81|d3fb1c01719e044493f1f83ae2203e64|1636449686,Map(_xsrf -> 2|f5272e81|d3fb1c01719e044493f1f83ae2203e64|1636449686, username-localhost-8888 -> 2|1:0|10:1636449686|23:username-localhost-8888|44:OWE3NTIyNmUzMmZiNDIyNDg3OTU4MGIzYTJmODM4YmE=|6527260601508b3255b0b3e331723e6c82a5ebd1ab9d538358a1a0ecb0c8ebb2),Map(Host -> List(localhost:8080), Accept -> List(*/*), Cookie -> List(username-localhost-8888="2|1:0|10:1636449686|23:username-localhost-8888|44:OWE3NTIyNmUzMmZiNDIyNDg3OTU4MGIzYTJmODM4YmE=|6527260601508b3255b0b3e331723e6c82a5ebd1ab9d538358a1a0ecb0c8ebb2"; _xsrf=2|f5272e81|d3fb1c01719e044493f1f83ae2203e64|1636449686), Origin -> List(http://localhost:8080), Pragma -> List(no-cache), Upgrade -> List(websocket), Connection -> List(keep-alive, Upgrade), User-Agent -> List(Mozilla/5.0 (X11; Linux x86_64; rv:94.0) Gecko/20100101 Firefox/94.0), Cache-Control -> List(no-cache), Remote-Address -> List(127.0.0.1:41110), Sec-Fetch-Dest -> List(websocket), Sec-Fetch-Mode -> List(websocket), Sec-Fetch-Site -> List(same-origin), Timeout-Access -> List(<function1>), Accept-Encoding -> List(gzip, deflate), Accept-Language -> List(en-US,en;q=0.5), Raw-Request-URI -> List(/app/0!default), Tls-Session-Info -> List(Session(1637005940155|SSL_NULL_WITH_NULL_NULL)), Sec-WebSocket-Key -> List(9j3rsaBFi9TfnJEF3YyUCw==), UpgradeToWebSocket -> List(), Sec-WebSocket-Version -> List(13), Sec-WebSocket-Extensions -> List(permessage-deflate)))out: Actor[akka://application/system/Materializers/StreamSupervisor-0/$$f-actorRefSource#-1513733702]
2021-11-15 19:52:22,701 [INFO] in scala-execution-context-global-52 - [[37minfo[0m] com.jpro.JS - received msg: new MainID: 457 userid: 124454582
2021-11-15 19:55:12,245 [INFO] in scala-execution-context-global-52 - [[37minfo[0m] c.j.i.s.ViewInfo$ - 
2021-11-15 19:55:12,245 [INFO] in scala-execution-context-global-52 - [[37minfo[0m] c.j.i.s.ViewInfo$ - Application closed:
2021-11-15 19:55:12,262 [INFO] in scala-execution-context-global-52 - [[37minfo[0m] c.j.i.s.ViewInfo$ - startTime      : Mon Nov 15 19:55:12 WET 2021      
2021-11-15 19:55:12,263 [INFO] in scala-execution-context-global-52 - [[37minfo[0m] c.j.i.s.ViewInfo$ - averageLatency : 00:00:00.003 
2021-11-15 19:55:12,263 [INFO] in scala-execution-context-global-52 - [[37minfo[0m] c.j.i.s.ViewInfo$ - averageJitter  : 00:00:00.001  
2021-11-15 19:55:12,264 [INFO] in scala-execution-context-global-55 - [[37minfo[0m] c.j.i.s.ViewInfo$ - framerateServer: 00:00:00.000
2021-11-15 19:55:12,269 [INFO] in scala-execution-context-global-55 - [[37minfo[0m] c.j.i.s.ViewInfo$ - framerateClient: 00:00:00.000
2021-11-15 19:55:12,270 [INFO] in scala-execution-context-global-52 - [[37minfo[0m] c.j.i.s.ViewInfo$ - raw            : 77590
2021-11-15 19:55:12,270 [INFO] in scala-execution-context-global-52 - [[37minfo[0m] c.j.i.s.ViewInfo$ - zipped         : 22378
2021-11-15 19:55:12,270 [INFO] in scala-execution-context-global-52 - [[37minfo[0m] c.j.i.s.ViewInfo$ - 
2021-11-15 19:55:12,270 [INFO] in scala-execution-context-global-52 - [[37minfo[0m] c.j.i.c.InstanceImpl - closing window!
2021-11-15 19:56:11,692 [INFO] in scala-execution-context-global-38 - [[37minfo[0m] c.j.i.s.Initializer$ - redirected OUT / ERR
2021-11-15 19:56:11,693 [INFO] in scala-execution-context-global-38 - [[37minfo[0m] c.j.i.s.Initializer$ - installed SLF4JBridge
2021-11-15 19:56:11,693 [INFO] in scala-execution-context-global-38 - [[33mwarn[0m] javafx - Unsupported JavaFX configuration: classes were loaded from 'unnamed module @4ee5e6d9'
2021-11-15 19:56:11,693 [INFO] in scala-execution-context-global-38 - [[37minfo[0m] c.j.i.s.Initializer$ - finished init!
2021-11-15 19:56:11,693 [INFO] in scala-execution-context-global-38 - [[37minfo[0m] c.j.i.s.Initializer$ - JavaFX version: 17.0.0.1-jpro+0-2021-10-03-113133
2021-11-15 19:57:15,142 [INFO] in scala-execution-context-global-52 - [[37minfo[0m] c.jpro - application requested: 0!default
2021-11-15 19:57:15,152 [INFO] in scala-execution-context-global-52 - [[37minfo[0m] c.jpro - Creating Application: 0!default
2021-11-15 19:57:15,154 [INFO] in scala-execution-context-global-52 - [[37minfo[0m] c.jpro - remoteAddress 192.168.43.243
2021-11-15 19:57:15,154 [INFO] in scala-execution-context-global-52 - [[37minfo[0m] c.jpro - host          192.168.43.180:8080
2021-11-15 19:57:15,154 [INFO] in scala-execution-context-global-64 - [[37minfo[0m] c.jpro - uri           /app/0!default
2021-11-15 19:57:15,470 [INFO] in scala-execution-context-global-65 - [[37minfo[0m] c.j.i.s.ViewSerializerActor - appdef: AppByMain(default,org.example.App,None,NamedClassLoader(system),false) clientinfo: ClientInfo(http://192.168.43.180:8080/,http://192.168.43.180:8080/app/default,1910.0,951.0,1.0,false,es-ES,List(es-ES, es, en-US, en),,Map(),Map(Host -> List(192.168.43.180:8080), Accept -> List(*/*), Origin -> List(http://192.168.43.180:8080), Pragma -> List(no-cache), Upgrade -> List(websocket), Connection -> List(keep-alive, Upgrade), User-Agent -> List(Mozilla/5.0 (X11; Linux x86_64; rv:94.0) Gecko/20100101 Firefox/94.0), Cache-Control -> List(no-cache), Remote-Address -> List(192.168.43.243:39134), Timeout-Access -> List(<function1>), Accept-Encoding -> List(gzip, deflate), Accept-Language -> List(es-ES,es;q=0.8,en-US;q=0.5,en;q=0.3), Raw-Request-URI -> List(/app/0!default), Tls-Session-Info -> List(Session(1637006171040|SSL_NULL_WITH_NULL_NULL)), Sec-WebSocket-Key -> List(hDrIeYf8JgidD9fcQFDXYA==), UpgradeToWebSocket -> List(), Sec-WebSocket-Version -> List(13), Sec-WebSocket-Extensions -> List(permessage-deflate)))out: Actor[akka://application/system/Materializers/StreamSupervisor-0/$$f-actorRefSource#1869035384]
2021-11-15 19:57:16,139 [INFO] in scala-execution-context-global-65 - [[37minfo[0m] com.jpro.JS - received msg: new MainID: 457 userid: 472900490
2021-11-15 20:09:28,037 [INFO] in scala-execution-context-global-65 - [[37minfo[0m] c.j.i.s.ViewInfo$ - 
2021-11-15 20:09:28,037 [INFO] in scala-execution-context-global-52 - [[37minfo[0m] c.j.i.s.ViewInfo$ - Application closed:
2021-11-15 20:09:28,057 [INFO] in scala-execution-context-global-52 - [[37minfo[0m] c.j.i.s.ViewInfo$ - startTime      : Mon Nov 15 20:09:28 WET 2021      
2021-11-15 20:09:28,058 [INFO] in scala-execution-context-global-52 - [[37minfo[0m] c.j.i.s.ViewInfo$ - averageLatency : 00:00:00.014 
2021-11-15 20:09:28,058 [INFO] in scala-execution-context-global-65 - [[37minfo[0m] c.j.i.s.ViewInfo$ - averageJitter  : 00:00:00.002  
2021-11-15 20:09:28,059 [INFO] in scala-execution-context-global-65 - [[37minfo[0m] c.j.i.s.ViewInfo$ - framerateServer: 00:00:00.000
2021-11-15 20:09:28,060 [INFO] in scala-execution-context-global-65 - [[37minfo[0m] c.j.i.s.ViewInfo$ - framerateClient: 00:00:00.000
2021-11-15 20:09:28,060 [INFO] in scala-execution-context-global-65 - [[37minfo[0m] c.j.i.s.ViewInfo$ - raw            : 274277
2021-11-15 20:09:28,060 [INFO] in scala-execution-context-global-65 - [[37minfo[0m] c.j.i.s.ViewInfo$ - zipped         : 70301
2021-11-15 20:09:28,060 [INFO] in scala-execution-context-global-65 - [[37minfo[0m] c.j.i.s.ViewInfo$ - 
2021-11-15 20:09:28,061 [INFO] in scala-execution-context-global-65 - [[37minfo[0m] c.j.i.c.InstanceImpl - closing window!
2021-11-15 20:23:40,833 [INFO] in scala-execution-context-global-38 - [[37minfo[0m] c.j.i.s.Initializer$ - redirected OUT / ERR
2021-11-15 20:23:40,833 [INFO] in scala-execution-context-global-38 - [[37minfo[0m] c.j.i.s.Initializer$ - installed SLF4JBridge
2021-11-15 20:23:40,833 [INFO] in scala-execution-context-global-38 - [[33mwarn[0m] javafx - Unsupported JavaFX configuration: classes were loaded from 'unnamed module @304083e5'
2021-11-15 20:23:40,833 [INFO] in scala-execution-context-global-38 - [[37minfo[0m] c.j.i.s.Initializer$ - finished init!
2021-11-15 20:23:40,834 [INFO] in scala-execution-context-global-52 - [[37minfo[0m] c.j.i.s.Initializer$ - JavaFX version: 17.0.0.1-jpro+0-2021-10-03-113133
2021-11-15 20:24:01,052 [INFO] in scala-execution-context-global-52 - [[37minfo[0m] c.jpro - application requested: 0!default
2021-11-15 20:24:01,062 [INFO] in scala-execution-context-global-52 - [[37minfo[0m] c.jpro - Creating Application: 0!default
2021-11-15 20:24:01,066 [INFO] in scala-execution-context-global-52 - [[37minfo[0m] c.jpro - remoteAddress 127.0.0.1
2021-11-15 20:24:01,066 [INFO] in scala-execution-context-global-38 - [[37minfo[0m] c.jpro - host          localhost:8080
2021-11-15 20:24:01,066 [INFO] in scala-execution-context-global-38 - [[37minfo[0m] c.jpro - uri           /app/0!default
2021-11-15 20:24:01,458 [INFO] in scala-execution-context-global-38 - [[37minfo[0m] c.j.i.s.ViewSerializerActor - appdef: AppByMain(default,org.example.App,None,NamedClassLoader(system),false) clientinfo: ClientInfo(http://localhost:8080/,http://localhost:8080/app/default,1910.0,961.0,1.0,false,en-US,List(en-US, en),_xsrf=2|f5272e81|d3fb1c01719e044493f1f83ae2203e64|1636449686,Map(_xsrf -> 2|f5272e81|d3fb1c01719e044493f1f83ae2203e64|1636449686, username-localhost-8888 -> 2|1:0|10:1636449686|23:username-localhost-8888|44:OWE3NTIyNmUzMmZiNDIyNDg3OTU4MGIzYTJmODM4YmE=|6527260601508b3255b0b3e331723e6c82a5ebd1ab9d538358a1a0ecb0c8ebb2),Map(Host -> List(localhost:8080), Accept -> List(*/*), Cookie -> List(username-localhost-8888="2|1:0|10:1636449686|23:username-localhost-8888|44:OWE3NTIyNmUzMmZiNDIyNDg3OTU4MGIzYTJmODM4YmE=|6527260601508b3255b0b3e331723e6c82a5ebd1ab9d538358a1a0ecb0c8ebb2"; _xsrf=2|f5272e81|d3fb1c01719e044493f1f83ae2203e64|1636449686), Origin -> List(http://localhost:8080), Pragma -> List(no-cache), Upgrade -> List(websocket), Connection -> List(keep-alive, Upgrade), User-Agent -> List(Mozilla/5.0 (X11; Linux x86_64; rv:94.0) Gecko/20100101 Firefox/94.0), Cache-Control -> List(no-cache), Remote-Address -> List(127.0.0.1:41260), Sec-Fetch-Dest -> List(websocket), Sec-Fetch-Mode -> List(websocket), Sec-Fetch-Site -> List(same-origin), Timeout-Access -> List(<function1>), Accept-Encoding -> List(gzip, deflate), Accept-Language -> List(en-US,en;q=0.5), Raw-Request-URI -> List(/app/0!default), Tls-Session-Info -> List(Session(1637007820181|SSL_NULL_WITH_NULL_NULL)), Sec-WebSocket-Key -> List(Namcm1qWU7Vt5wSFRfUK8w==), UpgradeToWebSocket -> List(), Sec-WebSocket-Version -> List(13), Sec-WebSocket-Extensions -> List(permessage-deflate)))out: Actor[akka://application/system/Materializers/StreamSupervisor-0/$$e-actorRefSource#632370964]
2021-11-15 20:24:02,209 [INFO] in scala-execution-context-global-38 - [[37minfo[0m] com.jpro.JS - received msg: new MainID: 457 userid: 1934669515
2021-11-15 20:24:48,457 [INFO] in scala-execution-context-global-38 - [[37minfo[0m] c.j.i.s.ViewInfo$ - 
2021-11-15 20:24:48,458 [INFO] in scala-execution-context-global-38 - [[37minfo[0m] c.j.i.s.ViewInfo$ - Application closed:
2021-11-15 20:24:48,471 [INFO] in scala-execution-context-global-38 - [[37minfo[0m] c.j.i.s.ViewInfo$ - startTime      : Mon Nov 15 20:24:48 WET 2021      
2021-11-15 20:24:48,471 [INFO] in scala-execution-context-global-38 - [[37minfo[0m] c.j.i.s.ViewInfo$ - averageLatency : 00:00:00.003 
2021-11-15 20:24:48,472 [INFO] in scala-execution-context-global-38 - [[37minfo[0m] c.j.i.s.ViewInfo$ - averageJitter  : 00:00:00.000  
2021-11-15 20:24:48,473 [INFO] in scala-execution-context-global-38 - [[37minfo[0m] c.j.i.s.ViewInfo$ - framerateServer: 00:00:00.000
2021-11-15 20:24:48,473 [INFO] in scala-execution-context-global-38 - [[37minfo[0m] c.j.i.s.ViewInfo$ - framerateClient: 00:00:00.000
2021-11-15 20:24:48,473 [INFO] in scala-execution-context-global-38 - [[37minfo[0m] c.j.i.s.ViewInfo$ - raw            : 234789
2021-11-15 20:24:48,473 [INFO] in scala-execution-context-global-38 - [[37minfo[0m] c.j.i.s.ViewInfo$ - zipped         : 79604
2021-11-15 20:24:48,473 [INFO] in scala-execution-context-global-38 - [[37minfo[0m] c.j.i.s.ViewInfo$ - 
2021-11-15 20:24:48,475 [INFO] in scala-execution-context-global-38 - [[37minfo[0m] c.j.i.c.InstanceImpl - closing window!
2021-11-15 20:25:30,785 [INFO] in scala-execution-context-global-38 - [[37minfo[0m] c.jpro - application requested: 0!default
2021-11-15 20:25:30,785 [INFO] in scala-execution-context-global-38 - [[37minfo[0m] c.jpro - Creating Application: 0!default
2021-11-15 20:25:30,786 [INFO] in scala-execution-context-global-38 - [[37minfo[0m] c.jpro - remoteAddress 127.0.0.1
2021-11-15 20:25:30,786 [INFO] in scala-execution-context-global-38 - [[37minfo[0m] c.jpro - host          localhost:8080
2021-11-15 20:25:30,786 [INFO] in scala-execution-context-global-38 - [[37minfo[0m] c.jpro - uri           /app/0!default
2021-11-15 20:25:30,819 [INFO] in scala-execution-context-global-38 - [[37minfo[0m] c.j.i.s.ViewSerializerActor - appdef: AppByMain(default,org.example.App,None,NamedClassLoader(system),false) clientinfo: ClientInfo(http://localhost:8080/,http://localhost:8080/app/default,1024.0,576.0,1.0,false,en-US,List(en-US, en),,Map(),Map(DNT -> List(1), Host -> List(localhost:8080), Accept -> List(*/*), Origin -> List(http://localhost:8080), Pragma -> List(no-cache), Upgrade -> List(websocket), Connection -> List(keep-alive, Upgrade), User-Agent -> List(Mozilla/5.0 (X11; Linux x86_64; rv:94.0) Gecko/20100101 Firefox/94.0), Cache-Control -> List(no-cache), Remote-Address -> List(127.0.0.1:41270), Sec-Fetch-Dest -> List(websocket), Sec-Fetch-Mode -> List(websocket), Sec-Fetch-Site -> List(same-origin), Timeout-Access -> List(<function1>), Accept-Encoding -> List(gzip, deflate), Accept-Language -> List(en-US,en;q=0.5), Raw-Request-URI -> List(/app/0!default), Tls-Session-Info -> List(Session(1637007820181|SSL_NULL_WITH_NULL_NULL)), Sec-WebSocket-Key -> List(hXx0zFCBimM3ihzn+EgHnQ==), UpgradeToWebSocket -> List(), Sec-WebSocket-Version -> List(13), Sec-WebSocket-Extensions -> List(permessage-deflate)))out: Actor[akka://application/system/Materializers/StreamSupervisor-0/$$k-actorRefSource#1953798360]
2021-11-15 20:25:30,897 [INFO] in scala-execution-context-global-38 - [[37minfo[0m] com.jpro.JS - received msg: new MainID: 457 userid: 275585198
2021-11-15 20:25:33,330 [INFO] in scala-execution-context-global-38 - [[37minfo[0m] c.j.i.s.ViewInfo$ - 
2021-11-15 20:25:33,330 [INFO] in scala-execution-context-global-52 - [[37minfo[0m] c.j.i.s.ViewInfo$ - Application closed:
2021-11-15 20:25:33,330 [INFO] in scala-execution-context-global-38 - [[37minfo[0m] c.j.i.s.ViewInfo$ - startTime      : Mon Nov 15 20:25:33 WET 2021      
2021-11-15 20:25:33,330 [INFO] in scala-execution-context-global-38 - [[37minfo[0m] c.j.i.s.ViewInfo$ - averageLatency : 00:00:00.001 
2021-11-15 20:25:33,330 [INFO] in scala-execution-context-global-38 - [[37minfo[0m] c.j.i.s.ViewInfo$ - averageJitter  : 00:00:00.002  
2021-11-15 20:25:33,330 [INFO] in scala-execution-context-global-38 - [[37minfo[0m] c.j.i.s.ViewInfo$ - framerateServer: 00:00:00.000
2021-11-15 20:25:33,330 [INFO] in scala-execution-context-global-38 - [[37minfo[0m] c.j.i.s.ViewInfo$ - framerateClient: 00:00:00.000
2021-11-15 20:25:33,330 [INFO] in scala-execution-context-global-38 - [[37minfo[0m] c.j.i.s.ViewInfo$ - raw            : 20494
2021-11-15 20:25:33,331 [INFO] in scala-execution-context-global-38 - [[37minfo[0m] c.j.i.s.ViewInfo$ - zipped         : 3557
2021-11-15 20:25:33,331 [INFO] in scala-execution-context-global-38 - [[37minfo[0m] c.j.i.s.ViewInfo$ - 
2021-11-15 20:25:33,331 [INFO] in scala-execution-context-global-52 - [[37minfo[0m] c.j.i.c.InstanceImpl - closing window!
